{"/mnt/d/Projects/MyGame/othello/src/App.tsx": {"path":"/mnt/d/Projects/MyGame/othello/src/App.tsx","statementMap":{"0":{"start":{"line":29,"column":0},"end":{"line":29,"column":24}},"1":{"start":{"line":7,"column":0},"end":{"line":7,"column":60}},"2":{"start":{"line":8,"column":0},"end":{"line":8,"column":67}},"3":{"start":{"line":9,"column":0},"end":{"line":9,"column":49}},"4":{"start":{"line":12,"column":23},"end":{"line":12,"column":94}},"5":{"start":{"line":13,"column":2},"end":{"line":26,"column":null}},"6":{"start":{"line":19,"column":25},"end":{"line":19,"column":49}},"7":{"start":{"line":30,"column":2},"end":{"line":38,"column":null}}},"fnMap":{"0":{"name":"ErrorFallback","decl":{"start":{"line":11,"column":9},"end":{"line":11,"column":22}},"loc":{"start":{"line":11,"column":47},"end":{"line":27,"column":1}}},"1":{"name":"(anonymous_1)","decl":{"start":{"line":19,"column":19},"end":{"line":19,"column":22}},"loc":{"start":{"line":19,"column":25},"end":{"line":19,"column":49}}},"2":{"name":"App","decl":{"start":{"line":29,"column":24},"end":{"line":29,"column":27}},"loc":{"start":{"line":29,"column":27},"end":{"line":39,"column":1}}}},"branchMap":{"0":{"loc":{"start":{"line":12,"column":23},"end":{"line":12,"column":94}},"type":"cond-expr","locations":[{"start":{"line":12,"column":48},"end":{"line":12,"column":61}},{"start":{"line":12,"column":64},"end":{"line":12,"column":94}}]}},"s":{"0":0,"1":0,"2":0,"3":0,"4":0,"5":0,"6":0,"7":0},"f":{"0":0,"1":0,"2":0},"b":{"0":[0,0]}}
,"/mnt/d/Projects/MyGame/othello/src/components/Board.tsx": {"path":"/mnt/d/Projects/MyGame/othello/src/components/Board.tsx","statementMap":{"0":{"start":{"line":24,"column":0},"end":{"line":24,"column":16}},"1":{"start":{"line":6,"column":0},"end":{"line":6,"column":54}},"2":{"start":{"line":7,"column":0},"end":{"line":7,"column":32}},"3":{"start":{"line":9,"column":0},"end":{"line":9,"column":50}},"4":{"start":{"line":10,"column":0},"end":{"line":10,"column":29}},"5":{"start":{"line":35,"column":40},"end":{"line":35,"column":91}},"6":{"start":{"line":38,"column":23},"end":{"line":40,"column":18}},"7":{"start":{"line":39,"column":4},"end":{"line":39,"column":null}},"8":{"start":{"line":39,"column":39},"end":{"line":39,"column":58}},"9":{"start":{"line":43,"column":26},"end":{"line":49,"column":24}},"10":{"start":{"line":44,"column":16},"end":{"line":44,"column":41}},"11":{"start":{"line":45,"column":4},"end":{"line":47,"column":null}},"12":{"start":{"line":46,"column":6},"end":{"line":46,"column":null}},"13":{"start":{"line":48,"column":4},"end":{"line":48,"column":null}},"14":{"start":{"line":51,"column":22},"end":{"line":53,"column":20}},"15":{"start":{"line":52,"column":4},"end":{"line":52,"column":null}},"16":{"start":{"line":55,"column":21},"end":{"line":57,"column":23}},"17":{"start":{"line":56,"column":4},"end":{"line":56,"column":null}},"18":{"start":{"line":59,"column":23},"end":{"line":63,"column":23}},"19":{"start":{"line":61,"column":18},"end":{"line":61,"column":54}},"20":{"start":{"line":62,"column":4},"end":{"line":62,"column":56}},"21":{"start":{"line":65,"column":21},"end":{"line":67,"column":16}},"22":{"start":{"line":66,"column":4},"end":{"line":66,"column":null}},"23":{"start":{"line":70,"column":24},"end":{"line":73,"column":33}},"24":{"start":{"line":71,"column":4},"end":{"line":71,"column":null}},"25":{"start":{"line":71,"column":49},"end":{"line":71,"column":null}},"26":{"start":{"line":72,"column":4},"end":{"line":72,"column":null}},"27":{"start":{"line":75,"column":2},"end":{"line":156,"column":null}},"28":{"start":{"line":105,"column":10},"end":{"line":105,"column":30}},"29":{"start":{"line":107,"column":14},"end":{"line":108,"column":null}},"30":{"start":{"line":118,"column":35},"end":{"line":118,"column":69}},"31":{"start":{"line":119,"column":34},"end":{"line":119,"column":54}},"32":{"start":{"line":129,"column":12},"end":{"line":129,"column":25}},"33":{"start":{"line":138,"column":12},"end":{"line":138,"column":25}},"34":{"start":{"line":146,"column":30},"end":{"line":146,"column":106}},"35":{"start":{"line":146,"column":51},"end":{"line":146,"column":105}},"36":{"start":{"line":147,"column":29},"end":{"line":147,"column":57}},"37":{"start":{"line":148,"column":10},"end":{"line":152,"column":null}}},"fnMap":{"0":{"name":"Board","decl":{"start":{"line":24,"column":16},"end":{"line":24,"column":21}},"loc":{"start":{"line":34,"column":13},"end":{"line":157,"column":1}}},"1":{"name":"(anonymous_1)","decl":{"start":{"line":38,"column":31},"end":{"line":38,"column":34}},"loc":{"start":{"line":38,"column":36},"end":{"line":40,"column":3}}},"2":{"name":"(anonymous_2)","decl":{"start":{"line":39,"column":34},"end":{"line":39,"column":35}},"loc":{"start":{"line":39,"column":39},"end":{"line":39,"column":58}}},"3":{"name":"(anonymous_3)","decl":{"start":{"line":43,"column":34},"end":{"line":43,"column":37}},"loc":{"start":{"line":43,"column":39},"end":{"line":49,"column":3}}},"4":{"name":"(anonymous_4)","decl":{"start":{"line":45,"column":29},"end":{"line":45,"column":30}},"loc":{"start":{"line":45,"column":42},"end":{"line":47,"column":5}}},"5":{"name":"(anonymous_5)","decl":{"start":{"line":51,"column":34},"end":{"line":51,"column":35}},"loc":{"start":{"line":51,"column":72},"end":{"line":53,"column":3}}},"6":{"name":"(anonymous_6)","decl":{"start":{"line":55,"column":33},"end":{"line":55,"column":34}},"loc":{"start":{"line":55,"column":71},"end":{"line":57,"column":3}}},"7":{"name":"(anonymous_7)","decl":{"start":{"line":59,"column":35},"end":{"line":59,"column":36}},"loc":{"start":{"line":59,"column":72},"end":{"line":63,"column":3}}},"8":{"name":"(anonymous_8)","decl":{"start":{"line":65,"column":33},"end":{"line":65,"column":34}},"loc":{"start":{"line":65,"column":71},"end":{"line":67,"column":3}}},"9":{"name":"(anonymous_9)","decl":{"start":{"line":70,"column":36},"end":{"line":70,"column":37}},"loc":{"start":{"line":70,"column":74},"end":{"line":73,"column":3}}},"10":{"name":"(anonymous_10)","decl":{"start":{"line":104,"column":19},"end":{"line":104,"column":20}},"loc":{"start":{"line":105,"column":10},"end":{"line":105,"column":30}}},"11":{"name":"(anonymous_11)","decl":{"start":{"line":106,"column":21},"end":{"line":106,"column":22}},"loc":{"start":{"line":107,"column":14},"end":{"line":108,"column":null}}},"12":{"name":"(anonymous_12)","decl":{"start":{"line":118,"column":25},"end":{"line":118,"column":26}},"loc":{"start":{"line":118,"column":35},"end":{"line":118,"column":69}}},"13":{"name":"(anonymous_13)","decl":{"start":{"line":119,"column":28},"end":{"line":119,"column":31}},"loc":{"start":{"line":119,"column":34},"end":{"line":119,"column":54}}},"14":{"name":"(anonymous_14)","decl":{"start":{"line":128,"column":46},"end":{"line":128,"column":47}},"loc":{"start":{"line":129,"column":12},"end":{"line":129,"column":25}}},"15":{"name":"(anonymous_15)","decl":{"start":{"line":137,"column":46},"end":{"line":137,"column":47}},"loc":{"start":{"line":138,"column":12},"end":{"line":138,"column":25}}},"16":{"name":"(anonymous_16)","decl":{"start":{"line":145,"column":74},"end":{"line":145,"column":77}},"loc":{"start":{"line":145,"column":79},"end":{"line":153,"column":9}}},"17":{"name":"(anonymous_17)","decl":{"start":{"line":146,"column":46},"end":{"line":146,"column":47}},"loc":{"start":{"line":146,"column":51},"end":{"line":146,"column":105}}}},"branchMap":{"0":{"loc":{"start":{"line":30,"column":2},"end":{"line":30,"column":18}},"type":"default-arg","locations":[{"start":{"line":30,"column":13},"end":{"line":30,"column":18}}]},"1":{"loc":{"start":{"line":32,"column":2},"end":{"line":32,"column":24}},"type":"default-arg","locations":[{"start":{"line":32,"column":15},"end":{"line":32,"column":24}}]},"2":{"loc":{"start":{"line":33,"column":2},"end":{"line":33,"column":15}},"type":"default-arg","locations":[{"start":{"line":33,"column":11},"end":{"line":33,"column":15}}]},"3":{"loc":{"start":{"line":62,"column":11},"end":{"line":62,"column":55}},"type":"cond-expr","locations":[{"start":{"line":62,"column":33},"end":{"line":62,"column":51}},{"start":{"line":62,"column":54},"end":{"line":62,"column":55}}]},"4":{"loc":{"start":{"line":66,"column":11},"end":{"line":66,"column":57}},"type":"binary-expr","locations":[{"start":{"line":66,"column":11},"end":{"line":66,"column":32}},{"start":{"line":66,"column":36},"end":{"line":66,"column":57}}]},"5":{"loc":{"start":{"line":71,"column":4},"end":{"line":71,"column":null}},"type":"if","locations":[{"start":{"line":71,"column":4},"end":{"line":71,"column":null}},{"start":{},"end":{}}]},"6":{"loc":{"start":{"line":71,"column":8},"end":{"line":71,"column":47}},"type":"binary-expr","locations":[{"start":{"line":71,"column":8},"end":{"line":71,"column":28}},{"start":{"line":71,"column":32},"end":{"line":71,"column":47}}]},"7":{"loc":{"start":{"line":145,"column":9},"end":{"line":153,"column":12}},"type":"binary-expr","locations":[{"start":{"line":145,"column":9},"end":{"line":145,"column":20}},{"start":{"line":145,"column":24},"end":{"line":145,"column":69}},{"start":{"line":145,"column":73},"end":{"line":153,"column":12}}]},"8":{"loc":{"start":{"line":146,"column":51},"end":{"line":146,"column":105}},"type":"binary-expr","locations":[{"start":{"line":146,"column":51},"end":{"line":146,"column":76}},{"start":{"line":146,"column":80},"end":{"line":146,"column":105}}]},"9":{"loc":{"start":{"line":147,"column":29},"end":{"line":147,"column":57}},"type":"binary-expr","locations":[{"start":{"line":147,"column":29},"end":{"line":147,"column":52}},{"start":{"line":147,"column":56},"end":{"line":147,"column":57}}]},"10":{"loc":{"start":{"line":150,"column":73},"end":{"line":150,"column":100}},"type":"cond-expr","locations":[{"start":{"line":150,"column":92},"end":{"line":150,"column":95}},{"start":{"line":150,"column":98},"end":{"line":150,"column":100}}]}},"s":{"0":0,"1":0,"2":0,"3":0,"4":0,"5":0,"6":0,"7":0,"8":0,"9":0,"10":0,"11":0,"12":0,"13":0,"14":0,"15":0,"16":0,"17":0,"18":0,"19":0,"20":0,"21":0,"22":0,"23":0,"24":0,"25":0,"26":0,"27":0,"28":0,"29":0,"30":0,"31":0,"32":0,"33":0,"34":0,"35":0,"36":0,"37":0},"f":{"0":0,"1":0,"2":0,"3":0,"4":0,"5":0,"6":0,"7":0,"8":0,"9":0,"10":0,"11":0,"12":0,"13":0,"14":0,"15":0,"16":0,"17":0},"b":{"0":[0],"1":[0],"2":[0],"3":[0,0],"4":[0,0],"5":[0,0],"6":[0,0],"7":[0,0,0],"8":[0,0],"9":[0,0],"10":[0,0]}}
,"/mnt/d/Projects/MyGame/othello/src/components/Cell.tsx": {"path":"/mnt/d/Projects/MyGame/othello/src/components/Cell.tsx","statementMap":{"0":{"start":{"line":6,"column":0},"end":{"line":6,"column":28}},"1":{"start":{"line":7,"column":0},"end":{"line":7,"column":32}},"2":{"start":{"line":9,"column":0},"end":{"line":9,"column":29}},"3":{"start":{"line":26,"column":13},"end":{"line":106,"column":null}},"4":{"start":{"line":40,"column":22},"end":{"line":44,"column":3}},"5":{"start":{"line":41,"column":4},"end":{"line":43,"column":5}},"6":{"start":{"line":42,"column":6},"end":{"line":42,"column":null}},"7":{"start":{"line":46,"column":27},"end":{"line":50,"column":3}},"8":{"start":{"line":47,"column":4},"end":{"line":49,"column":5}},"9":{"start":{"line":48,"column":6},"end":{"line":48,"column":null}},"10":{"start":{"line":53,"column":25},"end":{"line":53,"column":50}},"11":{"start":{"line":55,"column":2},"end":{"line":105,"column":null}}},"fnMap":{"0":{"name":"Cell","decl":{"start":{"line":26,"column":34},"end":{"line":26,"column":38}},"loc":{"start":{"line":39,"column":12},"end":{"line":106,"column":1}}},"1":{"name":"(anonymous_1)","decl":{"start":{"line":40,"column":22},"end":{"line":40,"column":25}},"loc":{"start":{"line":40,"column":27},"end":{"line":44,"column":3}}},"2":{"name":"(anonymous_2)","decl":{"start":{"line":46,"column":27},"end":{"line":46,"column":30}},"loc":{"start":{"line":46,"column":32},"end":{"line":50,"column":3}}}},"branchMap":{"0":{"loc":{"start":{"line":32,"column":2},"end":{"line":32,"column":15}},"type":"default-arg","locations":[{"start":{"line":32,"column":14},"end":{"line":32,"column":15}}]},"1":{"loc":{"start":{"line":34,"column":2},"end":{"line":34,"column":23}},"type":"default-arg","locations":[{"start":{"line":34,"column":18},"end":{"line":34,"column":23}}]},"2":{"loc":{"start":{"line":38,"column":2},"end":{"line":38,"column":18}},"type":"default-arg","locations":[{"start":{"line":38,"column":13},"end":{"line":38,"column":18}}]},"3":{"loc":{"start":{"line":41,"column":4},"end":{"line":43,"column":5}},"type":"if","locations":[{"start":{"line":41,"column":4},"end":{"line":43,"column":5}},{"start":{},"end":{}}]},"4":{"loc":{"start":{"line":41,"column":8},"end":{"line":41,"column":32}},"type":"binary-expr","locations":[{"start":{"line":41,"column":8},"end":{"line":41,"column":17}},{"start":{"line":41,"column":21},"end":{"line":41,"column":32}}]},"5":{"loc":{"start":{"line":47,"column":4},"end":{"line":49,"column":5}},"type":"if","locations":[{"start":{"line":47,"column":4},"end":{"line":49,"column":5}},{"start":{},"end":{}}]},"6":{"loc":{"start":{"line":47,"column":8},"end":{"line":47,"column":43}},"type":"binary-expr","locations":[{"start":{"line":47,"column":8},"end":{"line":47,"column":17}},{"start":{"line":47,"column":21},"end":{"line":47,"column":32}},{"start":{"line":47,"column":36},"end":{"line":47,"column":43}}]},"7":{"loc":{"start":{"line":61,"column":16},"end":{"line":61,"column":40}},"type":"binary-expr","locations":[{"start":{"line":61,"column":16},"end":{"line":61,"column":24}},{"start":{"line":61,"column":28},"end":{"line":61,"column":40}}]},"8":{"loc":{"start":{"line":70,"column":8},"end":{"line":70,"column":122}},"type":"binary-expr","locations":[{"start":{"line":70,"column":8},"end":{"line":70,"column":19}},{"start":{"line":70,"column":23},"end":{"line":70,"column":32}},{"start":{"line":70,"column":36},"end":{"line":70,"column":122}}]},"9":{"loc":{"start":{"line":71,"column":8},"end":{"line":71,"column":40}},"type":"binary-expr","locations":[{"start":{"line":71,"column":8},"end":{"line":71,"column":16}},{"start":{"line":71,"column":20},"end":{"line":71,"column":40}}]},"10":{"loc":{"start":{"line":72,"column":8},"end":{"line":72,"column":60}},"type":"binary-expr","locations":[{"start":{"line":72,"column":8},"end":{"line":72,"column":18}},{"start":{"line":72,"column":22},"end":{"line":72,"column":60}}]},"11":{"loc":{"start":{"line":74,"column":62},"end":{"line":74,"column":123}},"type":"cond-expr","locations":[{"start":{"line":74,"column":71},"end":{"line":74,"column":118}},{"start":{"line":74,"column":121},"end":{"line":74,"column":123}}]},"12":{"loc":{"start":{"line":74,"column":79},"end":{"line":74,"column":111}},"type":"cond-expr","locations":[{"start":{"line":74,"column":94},"end":{"line":74,"column":101}},{"start":{"line":74,"column":104},"end":{"line":74,"column":111}}]},"13":{"loc":{"start":{"line":74,"column":126},"end":{"line":74,"column":160}},"type":"cond-expr","locations":[{"start":{"line":74,"column":140},"end":{"line":74,"column":155}},{"start":{"line":74,"column":158},"end":{"line":74,"column":160}}]},"14":{"loc":{"start":{"line":77,"column":7},"end":{"line":89,"column":null}},"type":"binary-expr","locations":[{"start":{"line":77,"column":7},"end":{"line":77,"column":18}},{"start":{"line":77,"column":22},"end":{"line":77,"column":29}},{"start":{"line":77,"column":33},"end":{"line":77,"column":42}},{"start":{"line":78,"column":8},"end":{"line":88,"column":null}}]},"15":{"loc":{"start":{"line":93,"column":7},"end":{"line":102,"column":null}},"type":"binary-expr","locations":[{"start":{"line":93,"column":7},"end":{"line":93,"column":13}},{"start":{"line":94,"column":8},"end":{"line":101,"column":null}}]},"16":{"loc":{"start":{"line":99,"column":27},"end":{"line":99,"column":52}},"type":"binary-expr","locations":[{"start":{"line":99,"column":27},"end":{"line":99,"column":37}},{"start":{"line":99,"column":41},"end":{"line":99,"column":52}}]}},"s":{"0":0,"1":0,"2":0,"3":0,"4":0,"5":0,"6":0,"7":0,"8":0,"9":0,"10":0,"11":0},"f":{"0":0,"1":0,"2":0},"b":{"0":[0],"1":[0],"2":[0],"3":[0,0],"4":[0,0],"5":[0,0],"6":[0,0,0],"7":[0,0],"8":[0,0,0],"9":[0,0],"10":[0,0],"11":[0,0],"12":[0,0],"13":[0,0],"14":[0,0,0,0],"15":[0,0],"16":[0,0]}}
,"/mnt/d/Projects/MyGame/othello/src/components/Disc.tsx": {"path":"/mnt/d/Projects/MyGame/othello/src/components/Disc.tsx","statementMap":{"0":{"start":{"line":6,"column":0},"end":{"line":6,"column":35}},"1":{"start":{"line":7,"column":0},"end":{"line":7,"column":32}},"2":{"start":{"line":19,"column":13},"end":{"line":246,"column":null}},"3":{"start":{"line":27,"column":13},"end":{"line":27,"column":20}},"4":{"start":{"line":29,"column":2},"end":{"line":245,"column":null}}},"fnMap":{"0":{"name":"Disc","decl":{"start":{"line":19,"column":34},"end":{"line":19,"column":38}},"loc":{"start":{"line":26,"column":12},"end":{"line":246,"column":1}}}},"branchMap":{"0":{"loc":{"start":{"line":21,"column":2},"end":{"line":21,"column":20}},"type":"default-arg","locations":[{"start":{"line":21,"column":15},"end":{"line":21,"column":20}}]},"1":{"loc":{"start":{"line":22,"column":2},"end":{"line":22,"column":21}},"type":"default-arg","locations":[{"start":{"line":22,"column":19},"end":{"line":22,"column":21}}]},"2":{"loc":{"start":{"line":23,"column":2},"end":{"line":23,"column":23}},"type":"default-arg","locations":[{"start":{"line":23,"column":18},"end":{"line":23,"column":23}}]},"3":{"loc":{"start":{"line":24,"column":2},"end":{"line":24,"column":19}},"type":"default-arg","locations":[{"start":{"line":24,"column":14},"end":{"line":24,"column":19}}]},"4":{"loc":{"start":{"line":34,"column":8},"end":{"line":34,"column":61}},"type":"binary-expr","locations":[{"start":{"line":34,"column":8},"end":{"line":34,"column":18}},{"start":{"line":34,"column":22},"end":{"line":34,"column":61}}]},"5":{"loc":{"start":{"line":35,"column":8},"end":{"line":35,"column":49}},"type":"binary-expr","locations":[{"start":{"line":35,"column":8},"end":{"line":35,"column":18}},{"start":{"line":35,"column":22},"end":{"line":35,"column":49}}]},"6":{"loc":{"start":{"line":36,"column":8},"end":{"line":36,"column":45}},"type":"binary-expr","locations":[{"start":{"line":36,"column":8},"end":{"line":36,"column":21}},{"start":{"line":36,"column":25},"end":{"line":36,"column":45}}]},"7":{"loc":{"start":{"line":37,"column":8},"end":{"line":37,"column":43}},"type":"binary-expr","locations":[{"start":{"line":37,"column":8},"end":{"line":37,"column":17}},{"start":{"line":37,"column":21},"end":{"line":37,"column":43}}]},"8":{"loc":{"start":{"line":38,"column":8},"end":{"line":38,"column":53}},"type":"binary-expr","locations":[{"start":{"line":38,"column":8},"end":{"line":38,"column":20}},{"start":{"line":38,"column":24},"end":{"line":38,"column":35}},{"start":{"line":38,"column":39},"end":{"line":38,"column":53}}]}},"s":{"0":0,"1":0,"2":0,"3":0,"4":0},"f":{"0":0},"b":{"0":[0],"1":[0],"2":[0],"3":[0],"4":[0,0],"5":[0,0],"6":[0,0],"7":[0,0],"8":[0,0,0]}}
,"/mnt/d/Projects/MyGame/othello/src/components/GameControls.tsx": {"path":"/mnt/d/Projects/MyGame/othello/src/components/GameControls.tsx","statementMap":{"0":{"start":{"line":25,"column":0},"end":{"line":25,"column":16}},"1":{"start":{"line":6,"column":0},"end":{"line":6,"column":36}},"2":{"start":{"line":7,"column":0},"end":{"line":7,"column":91}},"3":{"start":{"line":38,"column":2},"end":{"line":111,"column":null}},"4":{"start":{"line":49,"column":38},"end":{"line":49,"column":77}}},"fnMap":{"0":{"name":"GameControls","decl":{"start":{"line":25,"column":16},"end":{"line":25,"column":28}},"loc":{"start":{"line":37,"column":20},"end":{"line":112,"column":1}}},"1":{"name":"(anonymous_1)","decl":{"start":{"line":49,"column":29},"end":{"line":49,"column":34}},"loc":{"start":{"line":49,"column":38},"end":{"line":49,"column":77}}}},"branchMap":{"0":{"loc":{"start":{"line":31,"column":2},"end":{"line":31,"column":18}},"type":"default-arg","locations":[{"start":{"line":31,"column":13},"end":{"line":31,"column":18}}]},"1":{"loc":{"start":{"line":42,"column":9},"end":{"line":60,"column":null}},"type":"binary-expr","locations":[{"start":{"line":42,"column":9},"end":{"line":42,"column":27}},{"start":{"line":43,"column":10},"end":{"line":59,"column":null}}]},"2":{"loc":{"start":{"line":71,"column":9},"end":{"line":74,"column":null}},"type":"binary-expr","locations":[{"start":{"line":71,"column":9},"end":{"line":71,"column":19}},{"start":{"line":72,"column":10},"end":{"line":72,"column":null}}]},"3":{"loc":{"start":{"line":83,"column":13},"end":{"line":83,"column":75}},"type":"cond-expr","locations":[{"start":{"line":83,"column":35},"end":{"line":83,"column":46}},{"start":{"line":83,"column":49},"end":{"line":83,"column":75}}]},"4":{"loc":{"start":{"line":87,"column":14},"end":{"line":89,"column":null}},"type":"cond-expr","locations":[{"start":{"line":88,"column":18},"end":{"line":88,"column":81}},{"start":{"line":89,"column":18},"end":{"line":89,"column":null}}]}},"s":{"0":0,"1":0,"2":0,"3":0,"4":0},"f":{"0":0,"1":0},"b":{"0":[0],"1":[0,0],"2":[0,0],"3":[0,0],"4":[0,0]}}
,"/mnt/d/Projects/MyGame/othello/src/components/LeaderboardDialog.tsx": {"path":"/mnt/d/Projects/MyGame/othello/src/components/LeaderboardDialog.tsx","statementMap":{"0":{"start":{"line":27,"column":0},"end":{"line":27,"column":16}},"1":{"start":{"line":6,"column":0},"end":{"line":6,"column":32}},"2":{"start":{"line":7,"column":0},"end":{"line":7,"column":null}},"3":{"start":{"line":15,"column":0},"end":{"line":15,"column":36}},"4":{"start":{"line":16,"column":0},"end":{"line":16,"column":34}},"5":{"start":{"line":34,"column":36},"end":{"line":34,"column":51}},"6":{"start":{"line":35,"column":38},"end":{"line":35,"column":64}},"7":{"start":{"line":36,"column":50},"end":{"line":36,"column":65}},"8":{"start":{"line":38,"column":18},"end":{"line":38,"column":99}},"9":{"start":{"line":40,"column":25},"end":{"line":43,"column":3}},"10":{"start":{"line":41,"column":4},"end":{"line":41,"column":null}},"11":{"start":{"line":42,"column":4},"end":{"line":42,"column":null}},"12":{"start":{"line":45,"column":27},"end":{"line":48,"column":3}},"13":{"start":{"line":46,"column":4},"end":{"line":46,"column":null}},"14":{"start":{"line":47,"column":4},"end":{"line":47,"column":null}},"15":{"start":{"line":50,"column":2},"end":{"line":164,"column":null}},"16":{"start":{"line":62,"column":33},"end":{"line":62,"column":62}},"17":{"start":{"line":73,"column":31},"end":{"line":73,"column":49}},"18":{"start":{"line":137,"column":33},"end":{"line":137,"column":59}},"19":{"start":{"line":149,"column":31},"end":{"line":149,"column":56}},"20":{"start":{"line":176,"column":2},"end":{"line":202,"column":null}}},"fnMap":{"0":{"name":"LeaderboardDialog","decl":{"start":{"line":27,"column":16},"end":{"line":27,"column":33}},"loc":{"start":{"line":33,"column":25},"end":{"line":165,"column":1}}},"1":{"name":"(anonymous_1)","decl":{"start":{"line":40,"column":25},"end":{"line":40,"column":28}},"loc":{"start":{"line":40,"column":30},"end":{"line":43,"column":3}}},"2":{"name":"(anonymous_2)","decl":{"start":{"line":45,"column":27},"end":{"line":45,"column":30}},"loc":{"start":{"line":45,"column":32},"end":{"line":48,"column":3}}},"3":{"name":"(anonymous_3)","decl":{"start":{"line":62,"column":28},"end":{"line":62,"column":29}},"loc":{"start":{"line":62,"column":33},"end":{"line":62,"column":62}}},"4":{"name":"(anonymous_4)","decl":{"start":{"line":73,"column":25},"end":{"line":73,"column":28}},"loc":{"start":{"line":73,"column":31},"end":{"line":73,"column":49}}},"5":{"name":"(anonymous_5)","decl":{"start":{"line":137,"column":27},"end":{"line":137,"column":30}},"loc":{"start":{"line":137,"column":33},"end":{"line":137,"column":59}}},"6":{"name":"(anonymous_6)","decl":{"start":{"line":149,"column":25},"end":{"line":149,"column":28}},"loc":{"start":{"line":149,"column":31},"end":{"line":149,"column":56}}},"7":{"name":"StatRow","decl":{"start":{"line":167,"column":9},"end":{"line":167,"column":16}},"loc":{"start":{"line":175,"column":1},"end":{"line":203,"column":1}}}},"branchMap":{"0":{"loc":{"start":{"line":38,"column":18},"end":{"line":38,"column":99}},"type":"cond-expr","locations":[{"start":{"line":38,"column":41},"end":{"line":38,"column":91}},{"start":{"line":38,"column":94},"end":{"line":38,"column":99}}]},"1":{"loc":{"start":{"line":58,"column":13},"end":{"line":77,"column":null}},"type":"cond-expr","locations":[{"start":{"line":59,"column":14},"end":{"line":69,"column":null}},{"start":{"line":72,"column":14},"end":{"line":76,"column":null}}]},"2":{"loc":{"start":{"line":100,"column":27},"end":{"line":100,"column":68}},"type":"cond-expr","locations":[{"start":{"line":100,"column":49},"end":{"line":100,"column":56}},{"start":{"line":100,"column":59},"end":{"line":100,"column":68}}]},"3":{"loc":{"start":{"line":112,"column":23},"end":{"line":112,"column":87}},"type":"cond-expr","locations":[{"start":{"line":112,"column":49},"end":{"line":112,"column":79}},{"start":{"line":112,"column":82},"end":{"line":112,"column":87}}]},"4":{"loc":{"start":{"line":121,"column":11},"end":{"line":159,"column":null}},"type":"cond-expr","locations":[{"start":{"line":122,"column":12},"end":{"line":143,"column":null}},{"start":{"line":146,"column":12},"end":{"line":158,"column":null}}]},"5":{"loc":{"start":{"line":181,"column":10},"end":{"line":185,"column":null}},"type":"cond-expr","locations":[{"start":{"line":182,"column":14},"end":{"line":182,"column":30}},{"start":{"line":183,"column":14},"end":{"line":185,"column":null}}]},"6":{"loc":{"start":{"line":183,"column":14},"end":{"line":185,"column":null}},"type":"cond-expr","locations":[{"start":{"line":184,"column":16},"end":{"line":184,"column":30}},{"start":{"line":185,"column":16},"end":{"line":185,"column":null}}]},"7":{"loc":{"start":{"line":188,"column":9},"end":{"line":191,"column":null}},"type":"binary-expr","locations":[{"start":{"line":188,"column":9},"end":{"line":188,"column":30}},{"start":{"line":189,"column":10},"end":{"line":190,"column":null}}]},"8":{"loc":{"start":{"line":193,"column":9},"end":{"line":197,"column":null}},"type":"binary-expr","locations":[{"start":{"line":193,"column":9},"end":{"line":193,"column":28}},{"start":{"line":194,"column":10},"end":{"line":196,"column":null}}]}},"s":{"0":0,"1":0,"2":0,"3":0,"4":0,"5":0,"6":0,"7":0,"8":0,"9":0,"10":0,"11":0,"12":0,"13":0,"14":0,"15":0,"16":0,"17":0,"18":0,"19":0,"20":0},"f":{"0":0,"1":0,"2":0,"3":0,"4":0,"5":0,"6":0,"7":0},"b":{"0":[0,0],"1":[0,0],"2":[0,0],"3":[0,0],"4":[0,0],"5":[0,0],"6":[0,0],"7":[0,0],"8":[0,0]}}
,"/mnt/d/Projects/MyGame/othello/src/components/VictoryDialog.tsx": {"path":"/mnt/d/Projects/MyGame/othello/src/components/VictoryDialog.tsx","statementMap":{"0":{"start":{"line":60,"column":0},"end":{"line":60,"column":16}},"1":{"start":{"line":6,"column":0},"end":{"line":6,"column":51}},"2":{"start":{"line":7,"column":0},"end":{"line":7,"column":null}},"3":{"start":{"line":15,"column":0},"end":{"line":15,"column":36}},"4":{"start":{"line":33,"column":2},"end":{"line":33,"column":null}},"5":{"start":{"line":44,"column":2},"end":{"line":57,"column":3}},"6":{"start":{"line":45,"column":25},"end":{"line":51,"column":null}},"7":{"start":{"line":52,"column":4},"end":{"line":52,"column":null}},"8":{"start":{"line":53,"column":9},"end":{"line":57,"column":3}},"9":{"start":{"line":54,"column":4},"end":{"line":54,"column":null}},"10":{"start":{"line":56,"column":4},"end":{"line":56,"column":null}},"11":{"start":{"line":69,"column":17},"end":{"line":69,"column":32}},"12":{"start":{"line":70,"column":17},"end":{"line":70,"column":50}},"13":{"start":{"line":71,"column":46},"end":{"line":71,"column":58}},"14":{"start":{"line":78,"column":22},"end":{"line":78,"column":35}},"15":{"start":{"line":79,"column":2},"end":{"line":86,"column":null}},"16":{"start":{"line":80,"column":4},"end":{"line":84,"column":5}},"17":{"start":{"line":83,"column":6},"end":{"line":83,"column":null}},"18":{"start":{"line":85,"column":4},"end":{"line":85,"column":null}},"19":{"start":{"line":88,"column":2},"end":{"line":201,"column":null}},"20":{"start":{"line":110,"column":18},"end":{"line":110,"column":null}},"21":{"start":{"line":120,"column":18},"end":{"line":120,"column":null}},"22":{"start":{"line":130,"column":18},"end":{"line":130,"column":null}}},"fnMap":{"0":{"name":"selectRandomMessage","decl":{"start":{"line":32,"column":9},"end":{"line":32,"column":28}},"loc":{"start":{"line":32,"column":56},"end":{"line":34,"column":1}}},"1":{"name":"getVictoryMessage","decl":{"start":{"line":39,"column":9},"end":{"line":39,"column":26}},"loc":{"start":{"line":42,"column":22},"end":{"line":58,"column":1}}},"2":{"name":"VictoryDialog","decl":{"start":{"line":60,"column":16},"end":{"line":60,"column":29}},"loc":{"start":{"line":68,"column":21},"end":{"line":202,"column":1}}},"3":{"name":"(anonymous_3)","decl":{"start":{"line":79,"column":12},"end":{"line":79,"column":15}},"loc":{"start":{"line":79,"column":17},"end":{"line":86,"column":3}}},"4":{"name":"(anonymous_4)","decl":{"start":{"line":108,"column":25},"end":{"line":108,"column":26}},"loc":{"start":{"line":108,"column":31},"end":{"line":111,"column":17}}},"5":{"name":"(anonymous_5)","decl":{"start":{"line":118,"column":25},"end":{"line":118,"column":26}},"loc":{"start":{"line":118,"column":31},"end":{"line":121,"column":17}}},"6":{"name":"(anonymous_6)","decl":{"start":{"line":128,"column":25},"end":{"line":128,"column":26}},"loc":{"start":{"line":128,"column":31},"end":{"line":131,"column":17}}}},"branchMap":{"0":{"loc":{"start":{"line":44,"column":2},"end":{"line":57,"column":3}},"type":"if","locations":[{"start":{"line":44,"column":2},"end":{"line":57,"column":3}},{"start":{"line":53,"column":9},"end":{"line":57,"column":3}}]},"1":{"loc":{"start":{"line":53,"column":9},"end":{"line":57,"column":3}},"type":"if","locations":[{"start":{"line":53,"column":9},"end":{"line":57,"column":3}},{"start":{"line":55,"column":9},"end":{"line":57,"column":3}}]},"2":{"loc":{"start":{"line":80,"column":4},"end":{"line":84,"column":5}},"type":"if","locations":[{"start":{"line":80,"column":4},"end":{"line":84,"column":5}},{"start":{},"end":{}}]},"3":{"loc":{"start":{"line":80,"column":8},"end":{"line":80,"column":36}},"type":"binary-expr","locations":[{"start":{"line":80,"column":8},"end":{"line":80,"column":12}},{"start":{"line":80,"column":16},"end":{"line":80,"column":36}}]},"4":{"loc":{"start":{"line":93,"column":13},"end":{"line":93,"column":107}},"type":"cond-expr","locations":[{"start":{"line":93,"column":22},"end":{"line":93,"column":32}},{"start":{"line":93,"column":35},"end":{"line":93,"column":107}}]},"5":{"loc":{"start":{"line":93,"column":35},"end":{"line":93,"column":107}},"type":"cond-expr","locations":[{"start":{"line":93,"column":50},"end":{"line":93,"column":79}},{"start":{"line":93,"column":82},"end":{"line":93,"column":107}}]},"6":{"loc":{"start":{"line":103,"column":13},"end":{"line":132,"column":null}},"type":"cond-expr","locations":[{"start":{"line":104,"column":14},"end":{"line":111,"column":null}},{"start":{"line":113,"column":16},"end":{"line":132,"column":null}}]},"7":{"loc":{"start":{"line":113,"column":16},"end":{"line":132,"column":null}},"type":"cond-expr","locations":[{"start":{"line":114,"column":14},"end":{"line":121,"column":null}},{"start":{"line":124,"column":14},"end":{"line":131,"column":null}}]},"8":{"loc":{"start":{"line":138,"column":13},"end":{"line":159,"column":null}},"type":"cond-expr","locations":[{"start":{"line":139,"column":14},"end":{"line":144,"column":null}},{"start":{"line":146,"column":16},"end":{"line":159,"column":null}}]},"9":{"loc":{"start":{"line":146,"column":16},"end":{"line":159,"column":null}},"type":"cond-expr","locations":[{"start":{"line":147,"column":14},"end":{"line":152,"column":null}},{"start":{"line":155,"column":14},"end":{"line":158,"column":null}}]},"10":{"loc":{"start":{"line":170,"column":52},"end":{"line":170,"column":88}},"type":"cond-expr","locations":[{"start":{"line":170,"column":67},"end":{"line":170,"column":83}},{"start":{"line":170,"column":86},"end":{"line":170,"column":88}}]},"11":{"loc":{"start":{"line":179,"column":52},"end":{"line":179,"column":88}},"type":"cond-expr","locations":[{"start":{"line":179,"column":67},"end":{"line":179,"column":83}},{"start":{"line":179,"column":86},"end":{"line":179,"column":88}}]},"12":{"loc":{"start":{"line":183,"column":13},"end":{"line":186,"column":null}},"type":"binary-expr","locations":[{"start":{"line":183,"column":13},"end":{"line":183,"column":20}},{"start":{"line":184,"column":14},"end":{"line":185,"column":null}}]}},"s":{"0":0,"1":0,"2":0,"3":0,"4":0,"5":0,"6":0,"7":0,"8":0,"9":0,"10":0,"11":0,"12":0,"13":0,"14":0,"15":0,"16":0,"17":0,"18":0,"19":0,"20":0,"21":0,"22":0},"f":{"0":0,"1":0,"2":0,"3":0,"4":0,"5":0,"6":0},"b":{"0":[0,0],"1":[0,0],"2":[0,0],"3":[0,0],"4":[0,0],"5":[0,0],"6":[0,0],"7":[0,0],"8":[0,0],"9":[0,0],"10":[0,0],"11":[0,0],"12":[0,0]}}
,"/mnt/d/Projects/MyGame/othello/src/components/ui/button.tsx": {"path":"/mnt/d/Projects/MyGame/othello/src/components/ui/button.tsx","statementMap":{"0":{"start":{"line":1,"column":0},"end":{"line":1,"column":30}},"1":{"start":{"line":2,"column":0},"end":{"line":2,"column":43}},"2":{"start":{"line":3,"column":0},"end":{"line":3,"column":65}},"3":{"start":{"line":5,"column":0},"end":{"line":5,"column":32}},"4":{"start":{"line":7,"column":23},"end":{"line":30,"column":null}},"5":{"start":{"line":49,"column":17},"end":{"line":49,"column":31}},"6":{"start":{"line":39,"column":15},"end":{"line":45,"column":null}},"7":{"start":{"line":41,"column":17},"end":{"line":41,"column":42}},"8":{"start":{"line":42,"column":4},"end":{"line":44,"column":null}},"9":{"start":{"line":49,"column":9},"end":{"line":49,"column":15}},"10":{"start":{"line":47,"column":0},"end":{"line":47,"column":null}}},"fnMap":{"0":{"name":"(anonymous_9)","decl":{"start":{"line":40,"column":2},"end":{"line":40,"column":3}},"loc":{"start":{"line":40,"column":67},"end":{"line":45,"column":3}}}},"branchMap":{"0":{"loc":{"start":{"line":40,"column":31},"end":{"line":40,"column":46}},"type":"default-arg","locations":[{"start":{"line":40,"column":41},"end":{"line":40,"column":46}}]},"1":{"loc":{"start":{"line":41,"column":17},"end":{"line":41,"column":42}},"type":"cond-expr","locations":[{"start":{"line":41,"column":27},"end":{"line":41,"column":31}},{"start":{"line":41,"column":34},"end":{"line":41,"column":42}}]}},"s":{"0":0,"1":0,"2":0,"3":0,"4":0,"5":0,"6":0,"7":0,"8":0,"9":0,"10":0},"f":{"0":0},"b":{"0":[0],"1":[0,0]}}
,"/mnt/d/Projects/MyGame/othello/src/components/ui/dialog.tsx": {"path":"/mnt/d/Projects/MyGame/othello/src/components/ui/dialog.tsx","statementMap":{"0":{"start":{"line":1,"column":0},"end":{"line":1,"column":30}},"1":{"start":{"line":2,"column":0},"end":{"line":2,"column":57}},"2":{"start":{"line":3,"column":0},"end":{"line":3,"column":50}},"3":{"start":{"line":5,"column":0},"end":{"line":5,"column":32}},"4":{"start":{"line":7,"column":15},"end":{"line":7,"column":35}},"5":{"start":{"line":92,"column":2},"end":{"line":92,"column":8}},"6":{"start":{"line":9,"column":22},"end":{"line":9,"column":45}},"7":{"start":{"line":96,"column":2},"end":{"line":96,"column":15}},"8":{"start":{"line":11,"column":21},"end":{"line":11,"column":43}},"9":{"start":{"line":93,"column":2},"end":{"line":93,"column":14}},"10":{"start":{"line":13,"column":20},"end":{"line":13,"column":41}},"11":{"start":{"line":95,"column":2},"end":{"line":95,"column":13}},"12":{"start":{"line":15,"column":22},"end":{"line":27,"column":2}},"13":{"start":{"line":19,"column":2},"end":{"line":25,"column":null}},"14":{"start":{"line":94,"column":2},"end":{"line":94,"column":15}},"15":{"start":{"line":28,"column":0},"end":{"line":28,"column":null}},"16":{"start":{"line":30,"column":22},"end":{"line":51,"column":2}},"17":{"start":{"line":34,"column":2},"end":{"line":49,"column":null}},"18":{"start":{"line":97,"column":2},"end":{"line":97,"column":15}},"19":{"start":{"line":52,"column":0},"end":{"line":52,"column":null}},"20":{"start":{"line":54,"column":21},"end":{"line":55,"column":null}},"21":{"start":{"line":55,"column":2},"end":{"line":55,"column":100}},"22":{"start":{"line":98,"column":2},"end":{"line":98,"column":14}},"23":{"start":{"line":57,"column":0},"end":{"line":57,"column":null}},"24":{"start":{"line":59,"column":21},"end":{"line":63,"column":null}},"25":{"start":{"line":60,"column":2},"end":{"line":62,"column":null}},"26":{"start":{"line":99,"column":2},"end":{"line":99,"column":14}},"27":{"start":{"line":65,"column":0},"end":{"line":65,"column":null}},"28":{"start":{"line":67,"column":20},"end":{"line":76,"column":2}},"29":{"start":{"line":71,"column":2},"end":{"line":74,"column":null}},"30":{"start":{"line":100,"column":2},"end":{"line":100,"column":13}},"31":{"start":{"line":77,"column":0},"end":{"line":77,"column":null}},"32":{"start":{"line":79,"column":26},"end":{"line":88,"column":2}},"33":{"start":{"line":83,"column":2},"end":{"line":86,"column":null}},"34":{"start":{"line":101,"column":2},"end":{"line":101,"column":19}},"35":{"start":{"line":89,"column":0},"end":{"line":89,"column":null}}},"fnMap":{"0":{"name":"(anonymous_9)","decl":{"start":{"line":18,"column":2},"end":{"line":18,"column":3}},"loc":{"start":{"line":19,"column":2},"end":{"line":25,"column":null}}},"1":{"name":"(anonymous_10)","decl":{"start":{"line":33,"column":2},"end":{"line":33,"column":3}},"loc":{"start":{"line":34,"column":2},"end":{"line":49,"column":null}}},"2":{"name":"(anonymous_11)","decl":{"start":{"line":54,"column":21},"end":{"line":54,"column":22}},"loc":{"start":{"line":55,"column":2},"end":{"line":55,"column":100}}},"3":{"name":"(anonymous_12)","decl":{"start":{"line":59,"column":21},"end":{"line":59,"column":22}},"loc":{"start":{"line":60,"column":2},"end":{"line":62,"column":null}}},"4":{"name":"(anonymous_13)","decl":{"start":{"line":70,"column":2},"end":{"line":70,"column":3}},"loc":{"start":{"line":71,"column":2},"end":{"line":74,"column":null}}},"5":{"name":"(anonymous_14)","decl":{"start":{"line":82,"column":2},"end":{"line":82,"column":3}},"loc":{"start":{"line":83,"column":2},"end":{"line":86,"column":null}}}},"branchMap":{},"s":{"0":0,"1":0,"2":0,"3":0,"4":0,"5":0,"6":0,"7":0,"8":0,"9":0,"10":0,"11":0,"12":0,"13":0,"14":0,"15":0,"16":0,"17":0,"18":0,"19":0,"20":0,"21":0,"22":0,"23":0,"24":0,"25":0,"26":0,"27":0,"28":0,"29":0,"30":0,"31":0,"32":0,"33":0,"34":0,"35":0},"f":{"0":0,"1":0,"2":0,"3":0,"4":0,"5":0},"b":{}}
,"/mnt/d/Projects/MyGame/othello/src/components/ui/input.tsx": {"path":"/mnt/d/Projects/MyGame/othello/src/components/ui/input.tsx","statementMap":{"0":{"start":{"line":1,"column":0},"end":{"line":1,"column":30}},"1":{"start":{"line":3,"column":0},"end":{"line":3,"column":32}},"2":{"start":{"line":7,"column":14},"end":{"line":20,"column":null}},"3":{"start":{"line":9,"column":4},"end":{"line":19,"column":null}},"4":{"start":{"line":24,"column":9},"end":{"line":24,"column":14}},"5":{"start":{"line":22,"column":0},"end":{"line":22,"column":null}}},"fnMap":{"0":{"name":"(anonymous_9)","decl":{"start":{"line":8,"column":2},"end":{"line":8,"column":3}},"loc":{"start":{"line":8,"column":41},"end":{"line":20,"column":3}}}},"branchMap":{},"s":{"0":0,"1":0,"2":0,"3":0,"4":0,"5":0},"f":{"0":0},"b":{}}
,"/mnt/d/Projects/MyGame/othello/src/components/ui/select.tsx": {"path":"/mnt/d/Projects/MyGame/othello/src/components/ui/select.tsx","statementMap":{"0":{"start":{"line":1,"column":0},"end":{"line":1,"column":30}},"1":{"start":{"line":2,"column":0},"end":{"line":2,"column":57}},"2":{"start":{"line":3,"column":0},"end":{"line":3,"column":81}},"3":{"start":{"line":5,"column":0},"end":{"line":5,"column":32}},"4":{"start":{"line":7,"column":15},"end":{"line":7,"column":35}},"5":{"start":{"line":141,"column":2},"end":{"line":141,"column":8}},"6":{"start":{"line":9,"column":20},"end":{"line":9,"column":41}},"7":{"start":{"line":142,"column":2},"end":{"line":142,"column":13}},"8":{"start":{"line":11,"column":20},"end":{"line":11,"column":41}},"9":{"start":{"line":143,"column":2},"end":{"line":143,"column":13}},"10":{"start":{"line":13,"column":22},"end":{"line":30,"column":2}},"11":{"start":{"line":17,"column":2},"end":{"line":28,"column":null}},"12":{"start":{"line":144,"column":2},"end":{"line":144,"column":15}},"13":{"start":{"line":31,"column":0},"end":{"line":31,"column":null}},"14":{"start":{"line":33,"column":29},"end":{"line":44,"column":2}},"15":{"start":{"line":37,"column":2},"end":{"line":42,"column":null}},"16":{"start":{"line":149,"column":2},"end":{"line":149,"column":22}},"17":{"start":{"line":45,"column":0},"end":{"line":45,"column":null}},"18":{"start":{"line":47,"column":31},"end":{"line":58,"column":2}},"19":{"start":{"line":51,"column":2},"end":{"line":56,"column":null}},"20":{"start":{"line":150,"column":2},"end":{"line":150,"column":24}},"21":{"start":{"line":59,"column":0},"end":{"line":59,"column":null}},"22":{"start":{"line":61,"column":22},"end":{"line":90,"column":2}},"23":{"start":{"line":65,"column":2},"end":{"line":88,"column":null}},"24":{"start":{"line":145,"column":2},"end":{"line":145,"column":15}},"25":{"start":{"line":91,"column":0},"end":{"line":91,"column":null}},"26":{"start":{"line":93,"column":20},"end":{"line":102,"column":2}},"27":{"start":{"line":97,"column":2},"end":{"line":100,"column":null}},"28":{"start":{"line":146,"column":2},"end":{"line":146,"column":13}},"29":{"start":{"line":103,"column":0},"end":{"line":103,"column":null}},"30":{"start":{"line":105,"column":19},"end":{"line":125,"column":2}},"31":{"start":{"line":109,"column":2},"end":{"line":123,"column":null}},"32":{"start":{"line":147,"column":2},"end":{"line":147,"column":12}},"33":{"start":{"line":126,"column":0},"end":{"line":126,"column":null}},"34":{"start":{"line":128,"column":24},"end":{"line":137,"column":2}},"35":{"start":{"line":132,"column":2},"end":{"line":135,"column":null}},"36":{"start":{"line":148,"column":2},"end":{"line":148,"column":17}},"37":{"start":{"line":138,"column":0},"end":{"line":138,"column":null}}},"fnMap":{"0":{"name":"(anonymous_9)","decl":{"start":{"line":16,"column":2},"end":{"line":16,"column":3}},"loc":{"start":{"line":17,"column":2},"end":{"line":28,"column":null}}},"1":{"name":"(anonymous_10)","decl":{"start":{"line":36,"column":2},"end":{"line":36,"column":3}},"loc":{"start":{"line":37,"column":2},"end":{"line":42,"column":null}}},"2":{"name":"(anonymous_11)","decl":{"start":{"line":50,"column":2},"end":{"line":50,"column":3}},"loc":{"start":{"line":51,"column":2},"end":{"line":56,"column":null}}},"3":{"name":"(anonymous_12)","decl":{"start":{"line":64,"column":2},"end":{"line":64,"column":3}},"loc":{"start":{"line":65,"column":2},"end":{"line":88,"column":null}}},"4":{"name":"(anonymous_13)","decl":{"start":{"line":96,"column":2},"end":{"line":96,"column":3}},"loc":{"start":{"line":97,"column":2},"end":{"line":100,"column":null}}},"5":{"name":"(anonymous_14)","decl":{"start":{"line":108,"column":2},"end":{"line":108,"column":3}},"loc":{"start":{"line":109,"column":2},"end":{"line":123,"column":null}}},"6":{"name":"(anonymous_15)","decl":{"start":{"line":131,"column":2},"end":{"line":131,"column":3}},"loc":{"start":{"line":132,"column":2},"end":{"line":135,"column":null}}}},"branchMap":{"0":{"loc":{"start":{"line":64,"column":26},"end":{"line":64,"column":45}},"type":"default-arg","locations":[{"start":{"line":64,"column":37},"end":{"line":64,"column":45}}]},"1":{"loc":{"start":{"line":70,"column":8},"end":{"line":71,"column":139}},"type":"binary-expr","locations":[{"start":{"line":70,"column":8},"end":{"line":70,"column":29}},{"start":{"line":71,"column":10},"end":{"line":71,"column":139}}]},"2":{"loc":{"start":{"line":81,"column":10},"end":{"line":82,"column":101}},"type":"binary-expr","locations":[{"start":{"line":81,"column":10},"end":{"line":81,"column":31}},{"start":{"line":82,"column":12},"end":{"line":82,"column":101}}]}},"s":{"0":0,"1":0,"2":0,"3":0,"4":0,"5":0,"6":0,"7":0,"8":0,"9":0,"10":0,"11":0,"12":0,"13":0,"14":0,"15":0,"16":0,"17":0,"18":0,"19":0,"20":0,"21":0,"22":0,"23":0,"24":0,"25":0,"26":0,"27":0,"28":0,"29":0,"30":0,"31":0,"32":0,"33":0,"34":0,"35":0,"36":0,"37":0},"f":{"0":0,"1":0,"2":0,"3":0,"4":0,"5":0,"6":0},"b":{"0":[0],"1":[0,0],"2":[0,0]}}
,"/mnt/d/Projects/MyGame/othello/src/hooks/useBentleyStats.ts": {"path":"/mnt/d/Projects/MyGame/othello/src/hooks/useBentleyStats.ts","statementMap":{"0":{"start":{"line":93,"column":0},"end":{"line":93,"column":16}},"1":{"start":{"line":6,"column":0},"end":{"line":6,"column":56}},"2":{"start":{"line":7,"column":0},"end":{"line":7,"column":49}},"3":{"start":{"line":8,"column":0},"end":{"line":8,"column":48}},"4":{"start":{"line":20,"column":20},"end":{"line":20,"column":46}},"5":{"start":{"line":27,"column":2},"end":{"line":29,"column":3}},"6":{"start":{"line":28,"column":4},"end":{"line":28,"column":null}},"7":{"start":{"line":31,"column":16},"end":{"line":31,"column":45}},"8":{"start":{"line":33,"column":2},"end":{"line":48,"column":null}},"9":{"start":{"line":52,"column":2},"end":{"line":72,"column":3}},"10":{"start":{"line":53,"column":19},"end":{"line":53,"column":52}},"11":{"start":{"line":54,"column":4},"end":{"line":64,"column":5}},"12":{"start":{"line":55,"column":19},"end":{"line":55,"column":37}},"13":{"start":{"line":58,"column":6},"end":{"line":63,"column":7}},"14":{"start":{"line":59,"column":8},"end":{"line":59,"column":null}},"15":{"start":{"line":62,"column":8},"end":{"line":62,"column":null}},"16":{"start":{"line":67,"column":4},"end":{"line":71,"column":5}},"17":{"start":{"line":68,"column":6},"end":{"line":68,"column":null}},"18":{"start":{"line":74,"column":2},"end":{"line":82,"column":null}},"19":{"start":{"line":86,"column":2},"end":{"line":90,"column":3}},"20":{"start":{"line":87,"column":4},"end":{"line":87,"column":null}},"21":{"start":{"line":94,"column":28},"end":{"line":94,"column":61}},"22":{"start":{"line":97,"column":2},"end":{"line":99,"column":null}},"23":{"start":{"line":98,"column":4},"end":{"line":98,"column":null}},"24":{"start":{"line":101,"column":27},"end":{"line":110,"column":8}},"25":{"start":{"line":102,"column":4},"end":{"line":109,"column":null}},"26":{"start":{"line":102,"column":22},"end":{"line":109,"column":6}},"27":{"start":{"line":112,"column":28},"end":{"line":120,"column":8}},"28":{"start":{"line":113,"column":4},"end":{"line":119,"column":null}},"29":{"start":{"line":113,"column":22},"end":{"line":119,"column":6}},"30":{"start":{"line":122,"column":28},"end":{"line":128,"column":8}},"31":{"start":{"line":123,"column":4},"end":{"line":127,"column":null}},"32":{"start":{"line":123,"column":22},"end":{"line":127,"column":6}},"33":{"start":{"line":130,"column":28},"end":{"line":141,"column":8}},"34":{"start":{"line":131,"column":37},"end":{"line":139,"column":null}},"35":{"start":{"line":140,"column":4},"end":{"line":140,"column":null}},"36":{"start":{"line":143,"column":2},"end":{"line":149,"column":null}}},"fnMap":{"0":{"name":"isValidBentleyStats","decl":{"start":{"line":26,"column":9},"end":{"line":26,"column":28}},"loc":{"start":{"line":26,"column":42},"end":{"line":49,"column":1}}},"1":{"name":"loadStats","decl":{"start":{"line":51,"column":9},"end":{"line":51,"column":18}},"loc":{"start":{"line":51,"column":18},"end":{"line":83,"column":1}}},"2":{"name":"saveStats","decl":{"start":{"line":85,"column":9},"end":{"line":85,"column":18}},"loc":{"start":{"line":85,"column":38},"end":{"line":91,"column":1}}},"3":{"name":"useBentleyStats","decl":{"start":{"line":93,"column":16},"end":{"line":93,"column":31}},"loc":{"start":{"line":93,"column":31},"end":{"line":150,"column":1}}},"4":{"name":"(anonymous_4)","decl":{"start":{"line":97,"column":12},"end":{"line":97,"column":15}},"loc":{"start":{"line":97,"column":17},"end":{"line":99,"column":3}}},"5":{"name":"(anonymous_5)","decl":{"start":{"line":101,"column":39},"end":{"line":101,"column":40}},"loc":{"start":{"line":101,"column":98},"end":{"line":110,"column":3}}},"6":{"name":"(anonymous_6)","decl":{"start":{"line":102,"column":13},"end":{"line":102,"column":17}},"loc":{"start":{"line":102,"column":22},"end":{"line":109,"column":6}}},"7":{"name":"(anonymous_7)","decl":{"start":{"line":112,"column":40},"end":{"line":112,"column":41}},"loc":{"start":{"line":112,"column":79},"end":{"line":120,"column":3}}},"8":{"name":"(anonymous_8)","decl":{"start":{"line":113,"column":13},"end":{"line":113,"column":17}},"loc":{"start":{"line":113,"column":22},"end":{"line":119,"column":6}}},"9":{"name":"(anonymous_9)","decl":{"start":{"line":122,"column":40},"end":{"line":122,"column":41}},"loc":{"start":{"line":122,"column":63},"end":{"line":128,"column":3}}},"10":{"name":"(anonymous_10)","decl":{"start":{"line":123,"column":13},"end":{"line":123,"column":17}},"loc":{"start":{"line":123,"column":22},"end":{"line":127,"column":6}}},"11":{"name":"(anonymous_11)","decl":{"start":{"line":130,"column":40},"end":{"line":130,"column":43}},"loc":{"start":{"line":130,"column":45},"end":{"line":141,"column":3}}}},"branchMap":{"0":{"loc":{"start":{"line":27,"column":2},"end":{"line":29,"column":3}},"type":"if","locations":[{"start":{"line":27,"column":2},"end":{"line":29,"column":3}},{"start":{},"end":{}}]},"1":{"loc":{"start":{"line":27,"column":6},"end":{"line":27,"column":39}},"type":"binary-expr","locations":[{"start":{"line":27,"column":6},"end":{"line":27,"column":11}},{"start":{"line":27,"column":15},"end":{"line":27,"column":39}}]},"2":{"loc":{"start":{"line":34,"column":4},"end":{"line":47,"column":25}},"type":"binary-expr","locations":[{"start":{"line":34,"column":4},"end":{"line":34,"column":41}},{"start":{"line":35,"column":4},"end":{"line":35,"column":26}},{"start":{"line":36,"column":4},"end":{"line":36,"column":38}},{"start":{"line":37,"column":4},"end":{"line":37,"column":23}},{"start":{"line":38,"column":4},"end":{"line":38,"column":39}},{"start":{"line":39,"column":4},"end":{"line":39,"column":24}},{"start":{"line":40,"column":4},"end":{"line":40,"column":42}},{"start":{"line":41,"column":4},"end":{"line":41,"column":27}},{"start":{"line":42,"column":4},"end":{"line":42,"column":40}},{"start":{"line":43,"column":4},"end":{"line":43,"column":25}},{"start":{"line":44,"column":4},"end":{"line":44,"column":40}},{"start":{"line":45,"column":4},"end":{"line":45,"column":25}},{"start":{"line":46,"column":4},"end":{"line":46,"column":40}},{"start":{"line":47,"column":4},"end":{"line":47,"column":25}}]},"3":{"loc":{"start":{"line":54,"column":4},"end":{"line":64,"column":5}},"type":"if","locations":[{"start":{"line":54,"column":4},"end":{"line":64,"column":5}},{"start":{},"end":{}}]},"4":{"loc":{"start":{"line":58,"column":6},"end":{"line":63,"column":7}},"type":"if","locations":[{"start":{"line":58,"column":6},"end":{"line":63,"column":7}},{"start":{"line":60,"column":13},"end":{"line":63,"column":7}}]},"5":{"loc":{"start":{"line":107,"column":20},"end":{"line":107,"column":73}},"type":"cond-expr","locations":[{"start":{"line":107,"column":32},"end":{"line":107,"column":53}},{"start":{"line":107,"column":56},"end":{"line":107,"column":73}}]},"6":{"loc":{"start":{"line":108,"column":18},"end":{"line":108,"column":69}},"type":"cond-expr","locations":[{"start":{"line":108,"column":45},"end":{"line":108,"column":51}},{"start":{"line":108,"column":54},"end":{"line":108,"column":69}}]},"7":{"loc":{"start":{"line":118,"column":18},"end":{"line":118,"column":95}},"type":"cond-expr","locations":[{"start":{"line":118,"column":58},"end":{"line":118,"column":77}},{"start":{"line":118,"column":80},"end":{"line":118,"column":95}}]}},"s":{"0":0,"1":0,"2":0,"3":0,"4":0,"5":0,"6":0,"7":0,"8":0,"9":0,"10":0,"11":0,"12":0,"13":0,"14":0,"15":0,"16":0,"17":0,"18":0,"19":0,"20":0,"21":0,"22":0,"23":0,"24":0,"25":0,"26":0,"27":0,"28":0,"29":0,"30":0,"31":0,"32":0,"33":0,"34":0,"35":0,"36":0},"f":{"0":0,"1":0,"2":0,"3":0,"4":0,"5":0,"6":0,"7":0,"8":0,"9":0,"10":0,"11":0},"b":{"0":[0,0],"1":[0,0],"2":[0,0,0,0,0,0,0,0,0,0,0,0,0,0],"3":[0,0],"4":[0,0],"5":[0,0],"6":[0,0],"7":[0,0]}}
,"/mnt/d/Projects/MyGame/othello/src/hooks/useCharacterSelection.ts": {"path":"/mnt/d/Projects/MyGame/othello/src/hooks/useCharacterSelection.ts","statementMap":{"0":{"start":{"line":18,"column":0},"end":{"line":18,"column":16}},"1":{"start":{"line":6,"column":0},"end":{"line":6,"column":45}},"2":{"start":{"line":7,"column":0},"end":{"line":7,"column":53}},"3":{"start":{"line":12,"column":63},"end":{"line":16,"column":null}},"4":{"start":{"line":19,"column":36},"end":{"line":20,"column":null}},"5":{"start":{"line":20,"column":4},"end":{"line":20,"column":62}},"6":{"start":{"line":23,"column":26},"end":{"line":26,"column":8}},"7":{"start":{"line":24,"column":24},"end":{"line":24,"column":60}},"8":{"start":{"line":25,"column":4},"end":{"line":25,"column":null}},"9":{"start":{"line":28,"column":2},"end":{"line":31,"column":null}}},"fnMap":{"0":{"name":"useCharacterSelection","decl":{"start":{"line":18,"column":16},"end":{"line":18,"column":37}},"loc":{"start":{"line":18,"column":78},"end":{"line":32,"column":1}}},"1":{"name":"(anonymous_1)","decl":{"start":{"line":19,"column":56},"end":{"line":19,"column":59}},"loc":{"start":{"line":20,"column":4},"end":{"line":20,"column":62}}},"2":{"name":"(anonymous_2)","decl":{"start":{"line":23,"column":38},"end":{"line":23,"column":39}},"loc":{"start":{"line":23,"column":68},"end":{"line":26,"column":3}}}},"branchMap":{"0":{"loc":{"start":{"line":18,"column":38},"end":{"line":18,"column":78}},"type":"default-arg","locations":[{"start":{"line":18,"column":70},"end":{"line":18,"column":78}}]}},"s":{"0":0,"1":0,"2":0,"3":0,"4":0,"5":0,"6":0,"7":0,"8":0,"9":0},"f":{"0":0,"1":0,"2":0},"b":{"0":[0]}}
,"/mnt/d/Projects/MyGame/othello/src/hooks/useGameAudio.ts": {"path":"/mnt/d/Projects/MyGame/othello/src/hooks/useGameAudio.ts","statementMap":{"0":{"start":{"line":16,"column":0},"end":{"line":16,"column":16}},"1":{"start":{"line":7,"column":0},"end":{"line":7,"column":64}},"2":{"start":{"line":8,"column":0},"end":{"line":8,"column":48}},"3":{"start":{"line":17,"column":32},"end":{"line":19,"column":4}},"4":{"start":{"line":18,"column":4},"end":{"line":18,"column":null}},"5":{"start":{"line":21,"column":26},"end":{"line":21,"column":59}},"6":{"start":{"line":24,"column":2},"end":{"line":41,"column":null}},"7":{"start":{"line":25,"column":4},"end":{"line":34,"column":5}},"8":{"start":{"line":26,"column":6},"end":{"line":33,"column":7}},"9":{"start":{"line":27,"column":34},"end":{"line":27,"column":100}},"10":{"start":{"line":28,"column":8},"end":{"line":30,"column":9}},"11":{"start":{"line":29,"column":10},"end":{"line":29,"column":null}},"12":{"start":{"line":36,"column":4},"end":{"line":40,"column":null}},"13":{"start":{"line":37,"column":6},"end":{"line":39,"column":7}},"14":{"start":{"line":38,"column":8},"end":{"line":38,"column":null}},"15":{"start":{"line":44,"column":21},"end":{"line":50,"column":8}},"16":{"start":{"line":45,"column":4},"end":{"line":49,"column":null}},"17":{"start":{"line":46,"column":23},"end":{"line":46,"column":28}},"18":{"start":{"line":47,"column":6},"end":{"line":47,"column":null}},"19":{"start":{"line":48,"column":6},"end":{"line":48,"column":null}},"20":{"start":{"line":53,"column":23},"end":{"line":79,"column":15}},"21":{"start":{"line":54,"column":4},"end":{"line":54,"column":51}},"22":{"start":{"line":54,"column":45},"end":{"line":54,"column":51}},"23":{"start":{"line":56,"column":16},"end":{"line":56,"column":39}},"24":{"start":{"line":57,"column":16},"end":{"line":57,"column":31}},"25":{"start":{"line":60,"column":16},"end":{"line":60,"column":38}},"26":{"start":{"line":61,"column":21},"end":{"line":61,"column":37}},"27":{"start":{"line":63,"column":4},"end":{"line":63,"column":null}},"28":{"start":{"line":64,"column":4},"end":{"line":64,"column":null}},"29":{"start":{"line":67,"column":4},"end":{"line":67,"column":null}},"30":{"start":{"line":68,"column":4},"end":{"line":68,"column":null}},"31":{"start":{"line":69,"column":4},"end":{"line":69,"column":null}},"32":{"start":{"line":72,"column":4},"end":{"line":72,"column":null}},"33":{"start":{"line":73,"column":4},"end":{"line":73,"column":null}},"34":{"start":{"line":74,"column":4},"end":{"line":74,"column":null}},"35":{"start":{"line":76,"column":4},"end":{"line":76,"column":null}},"36":{"start":{"line":77,"column":4},"end":{"line":77,"column":null}},"37":{"start":{"line":78,"column":4},"end":{"line":78,"column":null}},"38":{"start":{"line":82,"column":24},"end":{"line":104,"column":15}},"39":{"start":{"line":83,"column":4},"end":{"line":83,"column":51}},"40":{"start":{"line":83,"column":45},"end":{"line":83,"column":51}},"41":{"start":{"line":85,"column":16},"end":{"line":85,"column":39}},"42":{"start":{"line":86,"column":16},"end":{"line":86,"column":31}},"43":{"start":{"line":88,"column":16},"end":{"line":88,"column":38}},"44":{"start":{"line":89,"column":21},"end":{"line":89,"column":37}},"45":{"start":{"line":91,"column":4},"end":{"line":91,"column":null}},"46":{"start":{"line":92,"column":4},"end":{"line":92,"column":null}},"47":{"start":{"line":94,"column":4},"end":{"line":94,"column":null}},"48":{"start":{"line":95,"column":4},"end":{"line":95,"column":null}},"49":{"start":{"line":97,"column":4},"end":{"line":97,"column":null}},"50":{"start":{"line":98,"column":4},"end":{"line":98,"column":null}},"51":{"start":{"line":99,"column":4},"end":{"line":99,"column":null}},"52":{"start":{"line":101,"column":4},"end":{"line":101,"column":null}},"53":{"start":{"line":102,"column":4},"end":{"line":102,"column":null}},"54":{"start":{"line":103,"column":4},"end":{"line":103,"column":null}},"55":{"start":{"line":107,"column":22},"end":{"line":133,"column":15}},"56":{"start":{"line":108,"column":4},"end":{"line":108,"column":51}},"57":{"start":{"line":108,"column":45},"end":{"line":108,"column":51}},"58":{"start":{"line":110,"column":16},"end":{"line":110,"column":39}},"59":{"start":{"line":111,"column":16},"end":{"line":111,"column":31}},"60":{"start":{"line":114,"column":18},"end":{"line":114,"column":38}},"61":{"start":{"line":115,"column":4},"end":{"line":132,"column":null}},"62":{"start":{"line":116,"column":18},"end":{"line":116,"column":40}},"63":{"start":{"line":117,"column":23},"end":{"line":117,"column":39}},"64":{"start":{"line":119,"column":6},"end":{"line":119,"column":null}},"65":{"start":{"line":120,"column":6},"end":{"line":120,"column":null}},"66":{"start":{"line":122,"column":24},"end":{"line":122,"column":38}},"67":{"start":{"line":123,"column":6},"end":{"line":123,"column":null}},"68":{"start":{"line":125,"column":6},"end":{"line":125,"column":null}},"69":{"start":{"line":126,"column":6},"end":{"line":126,"column":null}},"70":{"start":{"line":127,"column":6},"end":{"line":127,"column":null}},"71":{"start":{"line":129,"column":6},"end":{"line":129,"column":null}},"72":{"start":{"line":130,"column":6},"end":{"line":130,"column":null}},"73":{"start":{"line":131,"column":6},"end":{"line":131,"column":null}},"74":{"start":{"line":136,"column":21},"end":{"line":160,"column":15}},"75":{"start":{"line":137,"column":4},"end":{"line":137,"column":51}},"76":{"start":{"line":137,"column":45},"end":{"line":137,"column":51}},"77":{"start":{"line":139,"column":16},"end":{"line":139,"column":39}},"78":{"start":{"line":140,"column":16},"end":{"line":140,"column":31}},"79":{"start":{"line":142,"column":16},"end":{"line":142,"column":38}},"80":{"start":{"line":143,"column":21},"end":{"line":143,"column":37}},"81":{"start":{"line":145,"column":4},"end":{"line":145,"column":null}},"82":{"start":{"line":146,"column":4},"end":{"line":146,"column":null}},"83":{"start":{"line":149,"column":4},"end":{"line":149,"column":null}},"84":{"start":{"line":150,"column":4},"end":{"line":150,"column":null}},"85":{"start":{"line":153,"column":4},"end":{"line":153,"column":null}},"86":{"start":{"line":154,"column":4},"end":{"line":154,"column":null}},"87":{"start":{"line":155,"column":4},"end":{"line":155,"column":null}},"88":{"start":{"line":157,"column":4},"end":{"line":157,"column":null}},"89":{"start":{"line":158,"column":4},"end":{"line":158,"column":null}},"90":{"start":{"line":159,"column":4},"end":{"line":159,"column":null}},"91":{"start":{"line":163,"column":19},"end":{"line":187,"column":15}},"92":{"start":{"line":164,"column":4},"end":{"line":164,"column":51}},"93":{"start":{"line":164,"column":45},"end":{"line":164,"column":51}},"94":{"start":{"line":166,"column":16},"end":{"line":166,"column":39}},"95":{"start":{"line":167,"column":16},"end":{"line":167,"column":31}},"96":{"start":{"line":170,"column":5},"end":{"line":186,"column":null}},"97":{"start":{"line":171,"column":18},"end":{"line":171,"column":40}},"98":{"start":{"line":172,"column":23},"end":{"line":172,"column":39}},"99":{"start":{"line":174,"column":6},"end":{"line":174,"column":null}},"100":{"start":{"line":175,"column":6},"end":{"line":175,"column":null}},"101":{"start":{"line":177,"column":6},"end":{"line":177,"column":null}},"102":{"start":{"line":179,"column":6},"end":{"line":179,"column":null}},"103":{"start":{"line":180,"column":6},"end":{"line":180,"column":null}},"104":{"start":{"line":181,"column":6},"end":{"line":181,"column":null}},"105":{"start":{"line":183,"column":6},"end":{"line":183,"column":null}},"106":{"start":{"line":184,"column":6},"end":{"line":184,"column":null}},"107":{"start":{"line":185,"column":6},"end":{"line":185,"column":null}},"108":{"start":{"line":189,"column":2},"end":{"line":197,"column":null}}},"fnMap":{"0":{"name":"useGameAudio","decl":{"start":{"line":16,"column":16},"end":{"line":16,"column":28}},"loc":{"start":{"line":16,"column":28},"end":{"line":198,"column":1}}},"1":{"name":"(anonymous_1)","decl":{"start":{"line":17,"column":41},"end":{"line":17,"column":44}},"loc":{"start":{"line":17,"column":46},"end":{"line":19,"column":3}}},"2":{"name":"(anonymous_2)","decl":{"start":{"line":24,"column":12},"end":{"line":24,"column":15}},"loc":{"start":{"line":24,"column":17},"end":{"line":41,"column":3}}},"3":{"name":"(anonymous_3)","decl":{"start":{"line":36,"column":11},"end":{"line":36,"column":14}},"loc":{"start":{"line":36,"column":16},"end":{"line":40,"column":5}}},"4":{"name":"(anonymous_4)","decl":{"start":{"line":44,"column":33},"end":{"line":44,"column":36}},"loc":{"start":{"line":44,"column":38},"end":{"line":50,"column":3}}},"5":{"name":"(anonymous_5)","decl":{"start":{"line":45,"column":15},"end":{"line":45,"column":19}},"loc":{"start":{"line":45,"column":22},"end":{"line":49,"column":5}}},"6":{"name":"(anonymous_6)","decl":{"start":{"line":53,"column":35},"end":{"line":53,"column":38}},"loc":{"start":{"line":53,"column":40},"end":{"line":79,"column":3}}},"7":{"name":"(anonymous_7)","decl":{"start":{"line":82,"column":36},"end":{"line":82,"column":39}},"loc":{"start":{"line":82,"column":41},"end":{"line":104,"column":3}}},"8":{"name":"(anonymous_8)","decl":{"start":{"line":107,"column":34},"end":{"line":107,"column":37}},"loc":{"start":{"line":107,"column":39},"end":{"line":133,"column":3}}},"9":{"name":"(anonymous_9)","decl":{"start":{"line":115,"column":18},"end":{"line":115,"column":19}},"loc":{"start":{"line":115,"column":30},"end":{"line":132,"column":5}}},"10":{"name":"(anonymous_10)","decl":{"start":{"line":136,"column":33},"end":{"line":136,"column":36}},"loc":{"start":{"line":136,"column":38},"end":{"line":160,"column":3}}},"11":{"name":"(anonymous_11)","decl":{"start":{"line":163,"column":31},"end":{"line":163,"column":34}},"loc":{"start":{"line":163,"column":36},"end":{"line":187,"column":3}}},"12":{"name":"(anonymous_12)","decl":{"start":{"line":170,"column":24},"end":{"line":170,"column":28}},"loc":{"start":{"line":170,"column":31},"end":{"line":186,"column":5}}}},"branchMap":{"0":{"loc":{"start":{"line":25,"column":4},"end":{"line":34,"column":5}},"type":"if","locations":[{"start":{"line":25,"column":4},"end":{"line":34,"column":5}},{"start":{},"end":{}}]},"1":{"loc":{"start":{"line":25,"column":8},"end":{"line":25,"column":65}},"type":"binary-expr","locations":[{"start":{"line":25,"column":8},"end":{"line":25,"column":37}},{"start":{"line":25,"column":41},"end":{"line":25,"column":65}}]},"2":{"loc":{"start":{"line":27,"column":34},"end":{"line":27,"column":100}},"type":"binary-expr","locations":[{"start":{"line":27,"column":34},"end":{"line":27,"column":53}},{"start":{"line":27,"column":58},"end":{"line":27,"column":100}}]},"3":{"loc":{"start":{"line":28,"column":8},"end":{"line":30,"column":9}},"type":"if","locations":[{"start":{"line":28,"column":8},"end":{"line":30,"column":9}},{"start":{},"end":{}}]},"4":{"loc":{"start":{"line":37,"column":6},"end":{"line":39,"column":7}},"type":"if","locations":[{"start":{"line":37,"column":6},"end":{"line":39,"column":7}},{"start":{},"end":{}}]},"5":{"loc":{"start":{"line":54,"column":4},"end":{"line":54,"column":51}},"type":"if","locations":[{"start":{"line":54,"column":4},"end":{"line":54,"column":51}},{"start":{},"end":{}}]},"6":{"loc":{"start":{"line":54,"column":8},"end":{"line":54,"column":43}},"type":"binary-expr","locations":[{"start":{"line":54,"column":8},"end":{"line":54,"column":15}},{"start":{"line":54,"column":19},"end":{"line":54,"column":43}}]},"7":{"loc":{"start":{"line":83,"column":4},"end":{"line":83,"column":51}},"type":"if","locations":[{"start":{"line":83,"column":4},"end":{"line":83,"column":51}},{"start":{},"end":{}}]},"8":{"loc":{"start":{"line":83,"column":8},"end":{"line":83,"column":43}},"type":"binary-expr","locations":[{"start":{"line":83,"column":8},"end":{"line":83,"column":15}},{"start":{"line":83,"column":19},"end":{"line":83,"column":43}}]},"9":{"loc":{"start":{"line":108,"column":4},"end":{"line":108,"column":51}},"type":"if","locations":[{"start":{"line":108,"column":4},"end":{"line":108,"column":51}},{"start":{},"end":{}}]},"10":{"loc":{"start":{"line":108,"column":8},"end":{"line":108,"column":43}},"type":"binary-expr","locations":[{"start":{"line":108,"column":8},"end":{"line":108,"column":15}},{"start":{"line":108,"column":19},"end":{"line":108,"column":43}}]},"11":{"loc":{"start":{"line":137,"column":4},"end":{"line":137,"column":51}},"type":"if","locations":[{"start":{"line":137,"column":4},"end":{"line":137,"column":51}},{"start":{},"end":{}}]},"12":{"loc":{"start":{"line":137,"column":8},"end":{"line":137,"column":43}},"type":"binary-expr","locations":[{"start":{"line":137,"column":8},"end":{"line":137,"column":15}},{"start":{"line":137,"column":19},"end":{"line":137,"column":43}}]},"13":{"loc":{"start":{"line":164,"column":4},"end":{"line":164,"column":51}},"type":"if","locations":[{"start":{"line":164,"column":4},"end":{"line":164,"column":51}},{"start":{},"end":{}}]},"14":{"loc":{"start":{"line":164,"column":8},"end":{"line":164,"column":43}},"type":"binary-expr","locations":[{"start":{"line":164,"column":8},"end":{"line":164,"column":15}},{"start":{"line":164,"column":19},"end":{"line":164,"column":43}}]}},"s":{"0":0,"1":0,"2":0,"3":0,"4":0,"5":0,"6":0,"7":0,"8":0,"9":0,"10":0,"11":0,"12":0,"13":0,"14":0,"15":0,"16":0,"17":0,"18":0,"19":0,"20":0,"21":0,"22":0,"23":0,"24":0,"25":0,"26":0,"27":0,"28":0,"29":0,"30":0,"31":0,"32":0,"33":0,"34":0,"35":0,"36":0,"37":0,"38":0,"39":0,"40":0,"41":0,"42":0,"43":0,"44":0,"45":0,"46":0,"47":0,"48":0,"49":0,"50":0,"51":0,"52":0,"53":0,"54":0,"55":0,"56":0,"57":0,"58":0,"59":0,"60":0,"61":0,"62":0,"63":0,"64":0,"65":0,"66":0,"67":0,"68":0,"69":0,"70":0,"71":0,"72":0,"73":0,"74":0,"75":0,"76":0,"77":0,"78":0,"79":0,"80":0,"81":0,"82":0,"83":0,"84":0,"85":0,"86":0,"87":0,"88":0,"89":0,"90":0,"91":0,"92":0,"93":0,"94":0,"95":0,"96":0,"97":0,"98":0,"99":0,"100":0,"101":0,"102":0,"103":0,"104":0,"105":0,"106":0,"107":0,"108":0},"f":{"0":0,"1":0,"2":0,"3":0,"4":0,"5":0,"6":0,"7":0,"8":0,"9":0,"10":0,"11":0,"12":0},"b":{"0":[0,0],"1":[0,0],"2":[0,0],"3":[0,0],"4":[0,0],"5":[0,0],"6":[0,0],"7":[0,0],"8":[0,0],"9":[0,0],"10":[0,0],"11":[0,0],"12":[0,0],"13":[0,0],"14":[0,0]}}
,"/mnt/d/Projects/MyGame/othello/src/hooks/useLeaderboard.ts": {"path":"/mnt/d/Projects/MyGame/othello/src/hooks/useLeaderboard.ts","statementMap":{"0":{"start":{"line":84,"column":0},"end":{"line":84,"column":16}},"1":{"start":{"line":6,"column":0},"end":{"line":6,"column":56}},"2":{"start":{"line":8,"column":0},"end":{"line":8,"column":48}},"3":{"start":{"line":10,"column":20},"end":{"line":10,"column":44}},"4":{"start":{"line":11,"column":28},"end":{"line":11,"column":36}},"5":{"start":{"line":18,"column":2},"end":{"line":20,"column":3}},"6":{"start":{"line":19,"column":4},"end":{"line":19,"column":null}},"7":{"start":{"line":22,"column":16},"end":{"line":22,"column":49}},"8":{"start":{"line":24,"column":2},"end":{"line":44,"column":null}},"9":{"start":{"line":48,"column":2},"end":{"line":68,"column":3}},"10":{"start":{"line":49,"column":19},"end":{"line":49,"column":52}},"11":{"start":{"line":50,"column":4},"end":{"line":60,"column":5}},"12":{"start":{"line":51,"column":19},"end":{"line":51,"column":37}},"13":{"start":{"line":54,"column":6},"end":{"line":59,"column":7}},"14":{"start":{"line":55,"column":8},"end":{"line":55,"column":null}},"15":{"start":{"line":58,"column":8},"end":{"line":58,"column":null}},"16":{"start":{"line":63,"column":4},"end":{"line":67,"column":5}},"17":{"start":{"line":64,"column":6},"end":{"line":64,"column":null}},"18":{"start":{"line":70,"column":2},"end":{"line":81,"column":null}},"19":{"start":{"line":85,"column":28},"end":{"line":85,"column":77}},"20":{"start":{"line":87,"column":2},"end":{"line":93,"column":null}},"21":{"start":{"line":88,"column":4},"end":{"line":92,"column":5}},"22":{"start":{"line":89,"column":6},"end":{"line":89,"column":null}},"23":{"start":{"line":95,"column":20},"end":{"line":113,"column":8}},"24":{"start":{"line":96,"column":4},"end":{"line":112,"column":null}},"25":{"start":{"line":97,"column":27},"end":{"line":97,"column":45}},"26":{"start":{"line":98,"column":31},"end":{"line":98,"column":76}},"27":{"start":{"line":99,"column":31},"end":{"line":99,"column":67}},"28":{"start":{"line":100,"column":30},"end":{"line":100,"column":83}},"29":{"start":{"line":102,"column":6},"end":{"line":111,"column":null}},"30":{"start":{"line":115,"column":21},"end":{"line":123,"column":8}},"31":{"start":{"line":116,"column":4},"end":{"line":122,"column":null}},"32":{"start":{"line":116,"column":22},"end":{"line":122,"column":6}},"33":{"start":{"line":125,"column":21},"end":{"line":133,"column":8}},"34":{"start":{"line":126,"column":4},"end":{"line":132,"column":null}},"35":{"start":{"line":126,"column":22},"end":{"line":132,"column":6}},"36":{"start":{"line":135,"column":27},"end":{"line":140,"column":8}},"37":{"start":{"line":136,"column":4},"end":{"line":139,"column":null}},"38":{"start":{"line":136,"column":22},"end":{"line":139,"column":6}},"39":{"start":{"line":142,"column":21},"end":{"line":155,"column":24}},"40":{"start":{"line":143,"column":4},"end":{"line":154,"column":null}},"41":{"start":{"line":157,"column":2},"end":{"line":164,"column":null}}},"fnMap":{"0":{"name":"isValidLeaderboard","decl":{"start":{"line":17,"column":9},"end":{"line":17,"column":27}},"loc":{"start":{"line":17,"column":41},"end":{"line":45,"column":1}}},"1":{"name":"getInitialLeaderboard","decl":{"start":{"line":47,"column":9},"end":{"line":47,"column":30}},"loc":{"start":{"line":47,"column":30},"end":{"line":82,"column":1}}},"2":{"name":"useLeaderboard","decl":{"start":{"line":84,"column":16},"end":{"line":84,"column":30}},"loc":{"start":{"line":84,"column":30},"end":{"line":165,"column":1}}},"3":{"name":"(anonymous_3)","decl":{"start":{"line":87,"column":12},"end":{"line":87,"column":15}},"loc":{"start":{"line":87,"column":17},"end":{"line":93,"column":3}}},"4":{"name":"(anonymous_4)","decl":{"start":{"line":95,"column":32},"end":{"line":95,"column":33}},"loc":{"start":{"line":95,"column":93},"end":{"line":113,"column":3}}},"5":{"name":"(anonymous_5)","decl":{"start":{"line":96,"column":13},"end":{"line":96,"column":17}},"loc":{"start":{"line":96,"column":20},"end":{"line":112,"column":5}}},"6":{"name":"(anonymous_6)","decl":{"start":{"line":115,"column":33},"end":{"line":115,"column":34}},"loc":{"start":{"line":115,"column":58},"end":{"line":123,"column":3}}},"7":{"name":"(anonymous_7)","decl":{"start":{"line":116,"column":13},"end":{"line":116,"column":17}},"loc":{"start":{"line":116,"column":22},"end":{"line":122,"column":6}}},"8":{"name":"(anonymous_8)","decl":{"start":{"line":125,"column":33},"end":{"line":125,"column":34}},"loc":{"start":{"line":125,"column":58},"end":{"line":133,"column":3}}},"9":{"name":"(anonymous_9)","decl":{"start":{"line":126,"column":13},"end":{"line":126,"column":17}},"loc":{"start":{"line":126,"column":22},"end":{"line":132,"column":6}}},"10":{"name":"(anonymous_10)","decl":{"start":{"line":135,"column":39},"end":{"line":135,"column":40}},"loc":{"start":{"line":135,"column":56},"end":{"line":140,"column":3}}},"11":{"name":"(anonymous_11)","decl":{"start":{"line":136,"column":13},"end":{"line":136,"column":17}},"loc":{"start":{"line":136,"column":22},"end":{"line":139,"column":6}}},"12":{"name":"(anonymous_12)","decl":{"start":{"line":142,"column":33},"end":{"line":142,"column":36}},"loc":{"start":{"line":142,"column":38},"end":{"line":155,"column":3}}}},"branchMap":{"0":{"loc":{"start":{"line":18,"column":2},"end":{"line":20,"column":3}},"type":"if","locations":[{"start":{"line":18,"column":2},"end":{"line":20,"column":3}},{"start":{},"end":{}}]},"1":{"loc":{"start":{"line":18,"column":6},"end":{"line":18,"column":39}},"type":"binary-expr","locations":[{"start":{"line":18,"column":6},"end":{"line":18,"column":11}},{"start":{"line":18,"column":15},"end":{"line":18,"column":39}}]},"2":{"loc":{"start":{"line":25,"column":4},"end":{"line":43,"column":32}},"type":"binary-expr","locations":[{"start":{"line":25,"column":4},"end":{"line":25,"column":40}},{"start":{"line":26,"column":4},"end":{"line":26,"column":34}},{"start":{"line":27,"column":4},"end":{"line":27,"column":19}},{"start":{"line":28,"column":4},"end":{"line":28,"column":36}},{"start":{"line":29,"column":4},"end":{"line":29,"column":21}},{"start":{"line":30,"column":4},"end":{"line":30,"column":35}},{"start":{"line":31,"column":4},"end":{"line":31,"column":20}},{"start":{"line":32,"column":4},"end":{"line":32,"column":39}},{"start":{"line":33,"column":4},"end":{"line":33,"column":24}},{"start":{"line":34,"column":4},"end":{"line":34,"column":46}},{"start":{"line":35,"column":4},"end":{"line":35,"column":31}},{"start":{"line":36,"column":4},"end":{"line":36,"column":43}},{"start":{"line":37,"column":4},"end":{"line":37,"column":28}},{"start":{"line":38,"column":4},"end":{"line":38,"column":42}},{"start":{"line":39,"column":4},"end":{"line":39,"column":27}},{"start":{"line":40,"column":4},"end":{"line":40,"column":40}},{"start":{"line":41,"column":4},"end":{"line":41,"column":25}},{"start":{"line":42,"column":4},"end":{"line":42,"column":47}},{"start":{"line":43,"column":4},"end":{"line":43,"column":32}}]},"3":{"loc":{"start":{"line":50,"column":4},"end":{"line":60,"column":5}},"type":"if","locations":[{"start":{"line":50,"column":4},"end":{"line":60,"column":5}},{"start":{},"end":{}}]},"4":{"loc":{"start":{"line":54,"column":6},"end":{"line":59,"column":7}},"type":"if","locations":[{"start":{"line":54,"column":6},"end":{"line":59,"column":7}},{"start":{"line":56,"column":13},"end":{"line":59,"column":7}}]},"5":{"loc":{"start":{"line":100,"column":30},"end":{"line":100,"column":83}},"type":"cond-expr","locations":[{"start":{"line":100,"column":42},"end":{"line":100,"column":63}},{"start":{"line":100,"column":66},"end":{"line":100,"column":83}}]},"6":{"loc":{"start":{"line":138,"column":18},"end":{"line":138,"column":45}},"type":"binary-expr","locations":[{"start":{"line":138,"column":18},"end":{"line":138,"column":22}},{"start":{"line":138,"column":26},"end":{"line":138,"column":45}}]}},"s":{"0":0,"1":0,"2":0,"3":0,"4":0,"5":0,"6":0,"7":0,"8":0,"9":0,"10":0,"11":0,"12":0,"13":0,"14":0,"15":0,"16":0,"17":0,"18":0,"19":0,"20":0,"21":0,"22":0,"23":0,"24":0,"25":0,"26":0,"27":0,"28":0,"29":0,"30":0,"31":0,"32":0,"33":0,"34":0,"35":0,"36":0,"37":0,"38":0,"39":0,"40":0,"41":0},"f":{"0":0,"1":0,"2":0,"3":0,"4":0,"5":0,"6":0,"7":0,"8":0,"9":0,"10":0,"11":0,"12":0},"b":{"0":[0,0],"1":[0,0],"2":[0,0,0,0,0,0,0,0,0,0,0,0,0,0,0,0,0,0,0],"3":[0,0],"4":[0,0],"5":[0,0],"6":[0,0]}}
,"/mnt/d/Projects/MyGame/othello/src/hooks/useMainSiteBentleyStats.ts": {"path":"/mnt/d/Projects/MyGame/othello/src/hooks/useMainSiteBentleyStats.ts","statementMap":{"0":{"start":{"line":19,"column":0},"end":{"line":19,"column":16}},"1":{"start":{"line":7,"column":0},"end":{"line":7,"column":64}},"2":{"start":{"line":8,"column":0},"end":{"line":8,"column":52}},"3":{"start":{"line":20,"column":28},"end":{"line":20,"column":71}},"4":{"start":{"line":21,"column":32},"end":{"line":21,"column":46}},"5":{"start":{"line":22,"column":28},"end":{"line":22,"column":57}},"6":{"start":{"line":23,"column":29},"end":{"line":23,"column":65}},"7":{"start":{"line":25,"column":21},"end":{"line":78,"column":8}},"8":{"start":{"line":27,"column":4},"end":{"line":29,"column":5}},"9":{"start":{"line":28,"column":6},"end":{"line":28,"column":null}},"10":{"start":{"line":32,"column":4},"end":{"line":32,"column":null}},"11":{"start":{"line":34,"column":4},"end":{"line":77,"column":5}},"12":{"start":{"line":35,"column":6},"end":{"line":35,"column":null}},"13":{"start":{"line":36,"column":23},"end":{"line":38,"column":8}},"14":{"start":{"line":40,"column":6},"end":{"line":42,"column":7}},"15":{"start":{"line":41,"column":8},"end":{"line":41,"column":null}},"16":{"start":{"line":44,"column":19},"end":{"line":44,"column":40}},"17":{"start":{"line":46,"column":6},"end":{"line":57,"column":7}},"18":{"start":{"line":47,"column":8},"end":{"line":54,"column":null}},"19":{"start":{"line":56,"column":8},"end":{"line":56,"column":null}},"20":{"start":{"line":60,"column":6},"end":{"line":62,"column":7}},"21":{"start":{"line":61,"column":8},"end":{"line":61,"column":14}},"22":{"start":{"line":64,"column":6},"end":{"line":64,"column":null}},"23":{"start":{"line":67,"column":6},"end":{"line":74,"column":null}},"24":{"start":{"line":76,"column":6},"end":{"line":76,"column":null}},"25":{"start":{"line":80,"column":2},"end":{"line":89,"column":null}},"26":{"start":{"line":81,"column":4},"end":{"line":81,"column":null}},"27":{"start":{"line":84,"column":4},"end":{"line":88,"column":null}},"28":{"start":{"line":85,"column":6},"end":{"line":87,"column":7}},"29":{"start":{"line":86,"column":8},"end":{"line":86,"column":null}},"30":{"start":{"line":94,"column":27},"end":{"line":101,"column":3}},"31":{"start":{"line":95,"column":4},"end":{"line":100,"column":5}},"32":{"start":{"line":96,"column":6},"end":{"line":96,"column":null}},"33":{"start":{"line":97,"column":6},"end":{"line":97,"column":25}},"34":{"start":{"line":106,"column":28},"end":{"line":113,"column":3}},"35":{"start":{"line":107,"column":4},"end":{"line":112,"column":5}},"36":{"start":{"line":108,"column":6},"end":{"line":108,"column":null}},"37":{"start":{"line":109,"column":6},"end":{"line":109,"column":25}},"38":{"start":{"line":115,"column":2},"end":{"line":122,"column":null}}},"fnMap":{"0":{"name":"useMainSiteBentleyStats","decl":{"start":{"line":19,"column":16},"end":{"line":19,"column":39}},"loc":{"start":{"line":19,"column":39},"end":{"line":123,"column":1}}},"1":{"name":"(anonymous_1)","decl":{"start":{"line":25,"column":33},"end":{"line":25,"column":38}},"loc":{"start":{"line":25,"column":44},"end":{"line":78,"column":3}}},"2":{"name":"(anonymous_2)","decl":{"start":{"line":80,"column":12},"end":{"line":80,"column":15}},"loc":{"start":{"line":80,"column":17},"end":{"line":89,"column":3}}},"3":{"name":"(anonymous_3)","decl":{"start":{"line":84,"column":11},"end":{"line":84,"column":14}},"loc":{"start":{"line":84,"column":16},"end":{"line":88,"column":5}}},"4":{"name":"(anonymous_4)","d
[...]
loc":{"start":{"line":268,"column":2},"end":{"line":273,"column":3}},"type":"if","locations":[{"start":{"line":268,"column":2},"end":{"line":273,"column":3}},{"start":{"line":270,"column":9},"end":{"line":273,"column":3}}]},"17":{"loc":{"start":{"line":270,"column":9},"end":{"line":273,"column":3}},"type":"if","locations":[{"start":{"line":270,"column":9},"end":{"line":273,"column":3}},{"start":{},"end":{}}]},"18":{"loc":{"start":{"line":277,"column":17},"end":{"line":277,"column":54}},"type":"cond-expr","locations":[{"start":{"line":277,"column":28},"end":{"line":277,"column":47}},{"start":{"line":277,"column":50},"end":{"line":277,"column":54}}]},"19":{"loc":{"start":{"line":283,"column":12},"end":{"line":283,"column":69}},"type":"cond-expr","locations":[{"start":{"line":283,"column":24},"end":{"line":283,"column":56}},{"start":{"line":283,"column":60},"end":{"line":283,"column":69}}]},"20":{"loc":{"start":{"line":283,"column":24},"end":{"line":283,"column":56}},"type":"cond-expr","locations":[{"start":{"line":283,"column":42},"end":{"line":283,"column":48}},{"start":{"line":283,"column":51},"end":{"line":283,"column":56}}]}},"s":{"0":2,"1":2,"2":2,"3":2,"4":2,"5":2,"6":2,"7":2,"8":2,"9":2,"10":2,"11":2,"12":2,"13":2,"14":2,"15":90,"16":720,"17":56,"18":56,"19":56,"20":56,"21":56,"22":56,"23":56,"24":117172086,"25":52901532,"26":52846312,"27":52846312,"28":52846312,"29":52846312,"30":52846312,"31":52846312,"32":3657455,"33":3657455,"34":3657455,"35":52846312,"36":982752,"37":51863560,"38":7821995,"39":1216206,"40":6605789,"41":6605789,"42":52846312,"43":52846312,"44":6605789,"45":27,"46":121701,"47":121701,"48":121701,"49":973608,"50":973608,"51":7788864,"52":7788864,"53":837351,"54":121701,"55":33093,"56":33093,"57":3,"58":33090,"59":264720,"60":33090,"61":33090,"62":48371,"63":33090,"64":22163,"65":22163,"66":22163,"67":22163,"68":177304,"69":177304,"70":1418432,"71":102468,"72":1315964,"73":128691,"74":22163,"75":33087,"76":33087,"77":33115,"78":33115,"79":33736,"80":33083,"81":4,"82":33084,"83":3,"84":33081,"85":33081,"86":33081,"87":14,"88":14,"89":7,"90":7,"91":2,"92":5,"93":7,"94":7,"95":7,"96":7,"97":7,"98":7,"99":7,"100":7,"101":7,"102":6,"103":1,"104":1,"105":7,"106":7,"107":7,"108":33067},"f":{"0":90,"1":720,"2":56,"3":117172086,"4":52901532,"5":52846312,"6":7821995,"7":27,"8":121701,"9":33093,"10":264720,"11":22163,"12":33087,"13":33084,"14":14,"15":7,"16":33067},"b":{"0":[117172086,111361504,105523908,100182711],"1":[25310316,27591216],"2":[56503767,45333805],"3":[982752,51863560],"4":[52846312,41676350,3374019],"5":[1216206,6605789],"6":[7821995,7821994],"7":[837351,6951513],"8":[3,33090],"9":[102468,1315964],"10":[128691,1187273],"11":[33083,653],"12":[3,33081],"13":[33081,14],"14":[7,7],"15":[2,5],"16":[6,1],"17":[1,0],"18":[1,6],"19":[1,6],"20":[0,1]}}
,"/mnt/d/Projects/MyGame/othello/src/lib/storageKeys.ts": {"path":"/mnt/d/Projects/MyGame/othello/src/lib/storageKeys.ts","statementMap":{"0":{"start":{"line":6,"column":13},"end":{"line":10,"column":null}}},"fnMap":{},"branchMap":{},"s":{"0":0},"f":{},"b":{}}
,"/mnt/d/Projects/MyGame/othello/src/lib/utils.ts": {"path":"/mnt/d/Projects/MyGame/othello/src/lib/utils.ts","statementMap":{"0":{"start":{"line":4,"column":0},"end":{"line":4,"column":16}},"1":{"start":{"line":1,"column":0},"end":{"line":1,"column":44}},"2":{"start":{"line":2,"column":0},"end":{"line":2,"column":40}},"3":{"start":{"line":5,"column":2},"end":{"line":5,"column":null}}},"fnMap":{"0":{"name":"cn","decl":{"start":{"line":4,"column":16},"end":{"line":4,"column":18}},"loc":{"start":{"line":4,"column":42},"end":{"line":6,"column":1}}}},"branchMap":{},"s":{"0":0,"1":0,"2":0,"3":0},"f":{"0":0},"b":{}}
,"/mnt/d/Projects/MyGame/othello/src/pages/OthelloGame.tsx": {"path":"/mnt/d/Projects/MyGame/othello/src/pages/OthelloGame.tsx","statementMap":{"0":{"start":{"line":19,"column":0},"end":{"line":19,"column":16}},"1":{"start":{"line":6,"column":0},"end":{"line":6,"column":64}},"2":{"start":{"line":7,"column":0},"end":{"line":7,"column":68}},"3":{"start":{"line":8,"column":0},"end":{"line":8,"column":42}},"4":{"start":{"line":9,"column":0},"end":{"line":9,"column":56}},"5":{"start":{"line":10,"column":0},"end":{"line":10,"column":58}},"6":{"start":{"line":11,"column":0},"end":{"line":11,"column":66}},"7":{"start":{"line":12,"column":0},"end":{"line":12,"column":55}},"8":{"start":{"line":13,"column":0},"end":{"line":13,"column":55}},"9":{"start":{"line":14,"column":0},"end":{"line":14,"column":51}},"10":{"start":{"line":15,"column":0},"end":{"line":15,"column":69}},"11":{"start":{"line":16,"column":0},"end":{"line":16,"column":57}},"12":{"start":{"line":17,"column":0},"end":{"line":17,"column":73}},"13":{"start":{"line":27,"column":6},"end":{"line":27,"column":22}},"14":{"start":{"line":29,"column":41},"end":{"line":29,"column":84}},"15":{"start":{"line":30,"column":116},"end":{"line":30,"column":133}},"16":{"start":{"line":31,"column":103},"end":{"line":31,"column":128}},"17":{"start":{"line":32,"column":85},"end":{"line":32,"column":101}},"18":{"start":{"line":34,"column":4},"end":{"line":34,"column":18}},"19":{"start":{"line":36,"column":52},"end":{"line":36,"column":67}},"20":{"start":{"line":37,"column":48},"end":{"line":37,"column":63}},"21":{"start":{"line":40,"column":27},"end":{"line":40,"column":63}},"22":{"start":{"line":41,"column":2},"end":{"line":51,"column":null}},"23":{"start":{"line":42,"column":4},"end":{"line":49,"column":5}},"24":{"start":{"line":43,"column":6},"end":{"line":43,"column":null}},"25":{"start":{"line":46,"column":6},"end":{"line":48,"column":7}},"26":{"start":{"line":47,"column":8},"end":{"line":47,"column":null}},"27":{"start":{"line":47,"column":25},"end":{"line":47,"column":39}},"28":{"start":{"line":50,"column":4},"end":{"line":50,"column":null}},"29":{"start":{"line":54,"column":24},"end":{"line":54,"column":48}},"30":{"start":{"line":56,"column":2},"end":{"line":129,"column":null}},"31":{"start":{"line":58,"column":4},"end":{"line":107,"column":5}},"32":{"start":{"line":60,"column":25},"end":{"line":60,"column":53}},"33":{"start":{"line":63,"column":21},"end":{"line":63,"column":74}},"34":{"start":{"line":67,"column":8},"end":{"line":68,"column":62}},"35":{"start":{"line":70,"column":6},"end":{"line":100,"column":7}},"36":{"start":{"line":71,"column":8},"end":{"line":91,"column":9}},"37":{"start":{"line":73,"column":10},"end":{"line":73,"column":null}},"38":{"start":{"line":74,"column":10},"end":{"line":74,"column":null}},"39":{"start":{"line":77,"column":10},"end":{"line":80,"column":11}},"40":{"start":{"line":78,"column":12},"end":{"line":78,"column":65}},"41":{"start":{"line":79,"column":12},"end":{"line":79,"column":40}},"42":{"start":{"line":81,"column":15},"end":{"line":91,"column":9}},"43":{"start":{"line":83,"column":10},"end":{"line":83,"column":null}},"44":{"start":{"line":84,"column":10},"end":{"line":84,"column":null}},"45":{"start":{"line":87,"column":10},"end":{"line":90,"column":11}},"46":{"start":{"line":88,"column":12},"end":{"line":88,"column":55}},"47":{"start":{"line":89,"column":12},"end":{"line":89,"column":39}},"48":{"start":{"line":92,"column":13},"end":{"line":100,"column":7}},"49":{"start":{"line":93,"column":8},"end":{"line":93,"column":null}},"50":{"start":{"line":94,"column":8},"end":{"line":94,"column":null}},"51":{"start":{"line":97,"column":8},"end":{"line":99,"column":9}},"52":{"start":{"line":98,"column":10},"end":{"line":98,"column":null}},"53":{"start":{"line":106,"column":6},"end":{"line":106,"column":null}},"54":{"start":{"line":109,"column":4},"end":{"line":109,"column":null}},"55":{"start":{"line":131,"column":24},"end":{"line":134,"column":20}},"56":{"start":{"line":132,"column":4},"end":{"line":132,"column":null}},"57":{"start":{"line":133,"column":4},"end":{"line":133,"column":null}},"58":{"start":{"line":137,"column":26},"end":{"line":137,"column":39}},"59":{"start":{"line":139,"column":26},"end":{"line":143,"column":80}},"60":{"start":{"line":140,"column":4},"end":{"line":142,"column":5}},"61":{"start":{"line":141,"column":6},"end":{"line":141,"column":null}},"62":{"start":{"line":146,"column":2},"end":{"line":166,"column":null}},"63":{"start":{"line":147,"column":27},"end":{"line":162,"column":5}},"64":{"start":{"line":149,"column":6},"end":{"line":149,"column":63}},"65":{"start":{"line":149,"column":57},"end":{"line":149,"column":63}},"66":{"start":{"line":151,"column":6},"end":{"line":161,"column":7}},"67":{"start":{"line":153,"column":10},"end":{"line":153,"column":null}},"68":{"start":{"line":154,"column":10},"end":{"line":154,"column":15}},"69":{"start":{"line":156,"column":10},"end":{"line":156,"column":null}},"70":{"start":{"line":157,"column":10},"end":{"line":157,"column":15}},"71":{"start":{"line":159,"column":10},"end":{"line":159,"column":null}},"72":{"start":{"line":160,"column":10},"end":{"line":160,"column":15}},"73":{"start":{"line":164,"column":4},"end":{"line":164,"column":null}},"74":{"start":{"line":165,"column":4},"end":{"line":165,"column":null}},"75":{"start":{"line":165,"column":17},"end":{"line":165,"column":70}},"76":{"start":{"line":168,"column":2},"end":{"line":295,"column":null}},"77":{"start":{"line":225,"column":14},"end":{"line":225,"column":null}},"78":{"start":{"line":226,"column":14},"end":{"line":226,"column":null}},"79":{"start":{"line":229,"column":37},"end":{"line":229,"column":61}},"80":{"start":{"line":282,"column":23},"end":{"line":282,"column":50}},"81":{"start":{"line":289,"column":23},"end":{"line":289,"column":48}}},"fnMap":{"0":{"name":"OthelloGame","decl":{"start":{"line":19,"column":16},"end":{"line":19,"column":27}},"loc":{"start":{"line":19,"column":27},"end":{"line":296,"column":1}}},"1":{"name":"(anonymous_1)","decl":{"start":{"line":41,"column":12},"end":{"line":41,"column":15}},"loc":{"start":{"line":41,"column":17},"end":{"line":51,"column":3}}},"2":{"name":"(anonymous_2)","decl":{"start":{"line":47,"column":19},"end":{"line":47,"column":22}},"loc":{"start":{"line":47,"column":25},"end":{"line":47,"column":39}}},"3":{"name":"(anonymous_3)","decl":{"start":{"line":56,"column":12},"end":{"line":56,"column":15}},"loc":{"start":{"line":56,"column":17},"end":{"line":110,"column":3}}},"4":{"name":"(anonymous_4)","decl":{"start":{"line":131,"column":36},"end":{"line":131,"column":39}},"loc":{"start":{"line":131,"column":41},"end":{"line":134,"column":3}}},"5":{"name":"(anonymous_5)","decl":{"start":{"line":139,"column":38},"end":{"line":139,"column":39}},"loc":{"start":{"line":139,"column":67},"end":{"line":143,"column":3}}},"6":{"name":"(anonymous_6)","decl":{"start":{"line":146,"column":12},"end":{"line":146,"column":15}},"loc":{"start":{"line":146,"column":17},"end":{"line":166,"column":3}}},"7":{"name":"(anonymous_7)","decl":{"start":{"line":147,"column":27},"end":{"line":147,"column":28}},"loc":{"start":{"line":147,"column":48},"end":{"line":162,"column":5}}},"8":{"name":"(anonymous_8)","decl":{"start":{"line":165,"column":11},"end":{"line":165,"column":14}},"loc":{"start":{"line":165,"column":17},"end":{"line":165,"column":70}}},"9":{"name":"(anonymous_9)","decl":{"start":{"line":224,"column":32},"end":{"line":224,"column":33}},"loc":{"start":{"line":224,"column":50},"end":{"line":227,"column":13}}},"10":{"name":"(anonymous_10)","decl":{"start":{"line":229,"column":31},"end":{"line":229,"column":34}},"loc":{"start":{"line":229,"column":37},"end":{"line":229,"column":61}}},"11":{"name":"(anonymous_11)","decl":{"start":{"line":282,"column":17},"end":{"line":282,"column":20}},"loc":{"start":{"line":282,"column":23},"end":{"line":282,"column":50}}},"12":{"name":"(anonymous_12)","decl":{"start":{"line":289,"column":17},"end":{"line":289,"column":20}},"loc":{"start":{"line":289,"column":23},"end":{"line":289,"column":48}}}},"branchMap":{"0":{"loc":{"start":{"line":42,"column":4},"end":{"line":49,"column":5}},"type":"if","locations":[{"start":{"line":42,"column":4},"end":{"line":49,"column":5}},{"start":{},"end":{}}]},"1":{"loc":{"start":{"line":46,"column":6},"end":{"line":48,"column":7}},"type":"if","locations":[{"start":{"line":46,"column":6},"end":{"line":48,"column":7}},{"start":{},"end":{}}]},"2":{"loc":{"start":{"line":58,"column":4},"end":{"line":107,"column":5}},"type":"if","locations":[{"start":{"line":58,"column":4},"end":{"line":107,"column":5}},{"start":{},"end":{}}]},"3":{"loc":{"start":{"line":58,"column":8},"end":{"line":58,"column":77}},"type":"binary-expr","locations":[{"start":{"line":58,"column":8},"end":{"line":58,"column":43}},{"start":{"line":58,"column":47},"end":{"line":58,"column":77}}]},"4":{"loc":{"start":{"line":67,"column":8},"end":{"line":68,"column":62}},"type":"binary-expr","locations":[{"start":{"line":67,"column":9},"end":{"line":67,"column":31}},{"start":{"line":67,"column":35},"end":{"line":67,"column":61}},{"start":{"line":68,"column":9},"end":{"line":68,"column":31}},{"start":{"line":68,"column":35},"end":{"line":68,"column":61}}]},"5":{"loc":{"start":{"line":70,"column":6},"end":{"line":100,"column":7}},"type":"if","locations":[{"start":{"line":70,"column":6},"end":{"line":100,"column":7}},{"start":{"line":92,"column":13},"end":{"line":100,"column":7}}]},"6":{"loc":{"start":{"line":71,"column":8},"end":{"line":91,"column":9}},"type":"if","locations":[{"start":{"line":71,"column":8},"end":{"line":91,"column":9}},{"start":{"line":81,"column":15},"end":{"line":91,"column":9}}]},"7":{"loc":{"start":{"line":77,"column":10},"end":{"line":80,"column":11}},"type":"if","locations":[{"start":{"line":77,"column":10},"end":{"line":80,"column":11}},{"start":{},"end":{}}]},"8":{"loc":{"start":{"line":81,"column":15},"end":{"line":91,"column":9}},"type":"if","locations":[{"start":{"line":81,"column":15},"end":{"line":91,"column":9}},{"start":{},"end":{}}]},"9":{"loc":{"start":{"line":87,"column":10},"end":{"line":90,"column":11}},"type":"if","locations":[{"start":{"line":87,"column":10},"end":{"line":90,"column":11}},{"start":{},"end":{}}]},"10":{"loc":{"start":{"line":92,"column":13},"end":{"line":100,"column":7}},"type":"if","locations":[{"start":{"line":92,"column":13},"end":{"line":100,"column":7}},{"start":{},"end":{}}]},"11":{"loc":{"start":{"line":97,"column":8},"end":{"line":99,"column":9}},"type":"if","locations":[{"start":{"line":97,"column":8},"end":{"line":99,"column":9}},{"start":{},"end":{}}]},"12":{"loc":{"start":{"line":140,"column":4},"end":{"line":142,"column":5}},"type":"if","locations":[{"start":{"line":140,"column":4},"end":{"line":142,"column":5}},{"start":{},"end":{}}]},"13":{"loc":{"start":{"line":140,"column":8},"end":{"line":140,"column":87}},"type":"binary-expr","locations":[{"start":{"line":140,"column":8},"end":{"line":140,"column":37}},{"start":{"line":140,"column":41},"end":{"line":140,"column":71}},{"start":{"line":140,"column":75},"end":{"line":140,"column":87}}]},"14":{"loc":{"start":{"line":149,"column":6},"end":{"line":149,"column":63}},"type":"if","locations":[{"start":{"line":149,"column":6},"end":{"line":149,"column":63}},{"start":{},"end":{}}]},"15":{"loc":{"start":{"line":151,"column":6},"end":{"line":161,"column":7}},"type":"switch","locations":[{"start":{"line":152,"column":8},"end":{"line":154,"column":15}},{"start":{"line":155,"column":8},"end":{"line":157,"column":15}},{"start":{"line":158,"column":8},"end":{"line":160,"column":15}}]},"16":{"loc":{"start":{"line":201,"column":93},"end":{"line":201,"column":170}},"type":"cond-expr","locations":[{"start":{"line":201,"column":122},"end":{"line":201,"column":127}},{"start":{"line":201,"column":130},"end":{"line":201,"column":170}}]},"17":{"loc":{"start":{"line":201,"column":130},"end":{"line":201,"column":170}},"type":"cond-expr","locations":[{"start":{"line":201,"column":157},"end":{"line":201,"column":162}},{"start":{"line":201,"column":165},"end":{"line":201,"column":170}}]},"18":{"loc":{"start":{"line":216,"column":22},"end":{"line":216,"column":67}},"type":"binary-expr","locations":[{"start":{"line":216,"column":22},"end":{"line":216,"column":33}},{"start":{"line":216,"column":37},"end":{"line":216,"column":67}}]},"19":{"loc":{"start":{"line":243,"column":26},"end":{"line":243,"column":53}},"type":"cond-expr","locations":[{"start":{"line":243,"column":36},"end":{"line":243,"column":44}},{"start":{"line":243,"column":47},"end":{"line":243,"column":53}}]},"20":{"loc":{"start":{"line":245,"column":15},"end":{"line":245,"column":51}},"type":"cond-expr","locations":[{"start":{"line":245,"column":25},"end":{"line":245,"column":35}},{"start":{"line":245,"column":38},"end":{"line":245,"column":51}}]},"21":{"loc":{"start":{"line":258,"column":9},"end":{"line":261,"column":21}},"type":"binary-expr","locations":[{"start":{"line":258,"column":9},"end":{"line":258,"column":39}},{"start":{"line":259,"column":10},"end":{"line":259,"column":39}},{"start":{"line":260,"column":10},"end":{"line":260,"column":22}},{"start":{"line":261,"column":10},"end":{"line":261,"column":21}}]},"22":{"loc":{"start":{"line":262,"column":9},"end":{"line":264,"column":41}},"type":"binary-expr","locations":[{"start":{"line":262,"column":9},"end":{"line":262,"column":39}},{"start":{"line":263,"column":10},"end":{"line":263,"column":39}},{"start":{"line":264,"column":10},"end":{"line":264,"column":41}}]},"23":{"loc":{"start":{"line":265,"column":9},"end":{"line":267,"column":81}},"type":"binary-expr","locations":[{"start":{"line":265,"column":9},"end":{"line":265,"column":35}},{"start":{"line":266,"column":10},"end":{"line":266,"column":32}},{"start":{"line":267,"column":10},"end":{"line":267,"column":81}}]},"24":{"loc":{"start":{"line":268,"column":9},"end":{"line":270,"column":95}},"type":"binary-expr","locations":[{"start":{"line":268,"column":9},"end":{"line":268,"column":35}},{"start":{"line":269,"column":10},"end":{"line":269,"column":32}},{"start":{"line":270,"column":10},"end":{"line":270,"column":95}}]},"25":{"loc":{"start":{"line":271,"column":9},"end":{"line":272,"column":94}},"type":"binary-expr","locations":[{"start":{"line":271,"column":9},"end":{"line":271,"column":36}},{"start":{"line":272,"column":10},"end":{"line":272,"column":94}}]}},"s":{"0":0,"1":0,"2":0,"3":0,"4":0,"5":0,"6":0,"7":0,"8":0,"9":0,"10":0,"11":0,"12":0,"13":0,"14":0,"15":0,"16":0,"17":0,"18":0,"19":0,"20":0,"21":0,"22":0,"23":0,"24":0,"25":0,"26":0,"27":0,"28":0,"29":0,"30":0,"31":0,"32":0,"33":0,"34":0,"35":0,"36":0,"37":0,"38":0,"39":0,"40":0,"41":0,"42":0,"43":0,"44":0,"45":0,"46":0,"47":0,"48":0,"49":0,"50":0,"51":0,"52":0,"53":0,"54":0,"55":0,"56":0,"57":0,"58":0,"59":0,"60":0,"61":0,"62":0,"63":0,"64":0,"65":0,"66":0,"67":0,"68":0,"69":0,"70":0,"71":0,"72":0,"73":0,"74":0,"75":0,"76":0,"77":0,"78":0,"79":0,"80":0,"81":0},"f":{"0":0,"1":0,"2":0,"3":0,"4":0,"5":0,"6":0,"7":0,"8":0,"9":0,"10":0,"11":0,"12":0},"b":{"0":[0,0],"1":[0,0],"2":[0,0],"3":[0,0],"4":[0,0,0,0],"5":[0,0],"6":[0,0],"7":[0,0],"8":[0,0],"9":[0,0],"10":[0,0],"11":[0,0],"12":[0,0],"13":[0,0,0],"14":[0,0],"15":[0,0,0],"16":[0,0],"17":[0,0],"18":[0,0],"19":[0,0],"20":[0,0],"21":[0,0,0,0],"22":[0,0,0],"23":[0,0,0],"24":[0,0,0],"25":[0,0]}}
,"/mnt/d/Projects/MyGame/othello/src/types/othello.types.ts": {"path":"/mnt/d/Projects/MyGame/othello/src/types/othello.types.ts","statementMap":{"0":{"start":{"line":10,"column":13},"end":{"line":10,"column":null}},"1":{"start":{"line":13,"column":13},"end":{"line":13,"column":null}},"2":{"start":{"line":14,"column":13},"end":{"line":14,"column":null}},"3":{"start":{"line":17,"column":13},"end":{"line":42,"column":null}},"4":{"start":{"line":45,"column":13},"end":{"line":52,"column":null}},"5":{"start":{"line":146,"column":13},"end":{"line":155,"column":null}}},"fnMap":{},"branchMap":{"0":{"loc":{"start":{"line":14,"column":28},"end":{"line":14,"column":94}},"type":"binary-expr","locations":[{"start":{"line":14,"column":28},"end":{"line":14,"column":61}},{"start":{"line":14,"column":65},"end":{"line":14,"column":94}}]}},"s":{"0":2,"1":2,"2":2,"3":2,"4":2,"5":2},"f":{},"b":{"0":[2,0]}}
}
