TN:
SF:src/App.tsx
FN:11,ErrorFallback
FN:19,(anonymous_1)
FN:29,App
FNF:3
FNH:0
FNDA:0,ErrorFallback
FNDA:0,(anonymous_1)
FNDA:0,App
DA:7,0
DA:8,0
DA:9,0
DA:12,0
DA:13,0
DA:19,0
DA:29,0
DA:30,0
LF:8
LH:0
BRDA:12,0,0,0
BRDA:12,0,1,0
BRF:2
BRH:0
end_of_record
TN:
SF:src/components/Board.tsx
FN:24,Board
FN:38,(anonymous_1)
FN:39,(anonymous_2)
FN:43,(anonymous_3)
FN:45,(anonymous_4)
FN:51,(anonymous_5)
FN:55,(anonymous_6)
FN:59,(anonymous_7)
FN:65,(anonymous_8)
FN:70,(anonymous_9)
FN:104,(anonymous_10)
FN:106,(anonymous_11)
FN:118,(anonymous_12)
FN:119,(anonymous_13)
FN:128,(anonymous_14)
FN:137,(anonymous_15)
FN:145,(anonymous_16)
FN:146,(anonymous_17)
FNF:18
FNH:0
FNDA:0,Board
FNDA:0,(anonymous_1)
FNDA:0,(anonymous_2)
FNDA:0,(anonymous_3)
FNDA:0,(anonymous_4)
FNDA:0,(anonymous_5)
FNDA:0,(anonymous_6)
FNDA:0,(anonymous_7)
FNDA:0,(anonymous_8)
FNDA:0,(anonymous_9)
FNDA:0,(anonymous_10)
FNDA:0,(anonymous_11)
FNDA:0,(anonymous_12)
FNDA:0,(anonymous_13)
FNDA:0,(anonymous_14)
FNDA:0,(anonymous_15)
FNDA:0,(anonymous_16)
FNDA:0,(anonymous_17)
DA:6,0
DA:7,0
DA:9,0
DA:10,0
DA:24,0
DA:35,0
DA:38,0
DA:39,0
DA:43,0
DA:44,0
DA:45,0
DA:46,0
DA:48,0
DA:51,0
DA:52,0
DA:55,0
DA:56,0
DA:59,0
DA:61,0
DA:62,0
DA:65,0
DA:66,0
DA:70,0
DA:71,0
DA:72,0
DA:75,0
DA:105,0
DA:107,0
DA:118,0
DA:119,0
DA:129,0
DA:138,0
DA:146,0
DA:147,0
DA:148,0
LF:35
LH:0
BRDA:30,0,0,0
BRDA:32,1,0,0
BRDA:33,2,0,0
BRDA:62,3,0,0
BRDA:62,3,1,0
BRDA:66,4,0,0
BRDA:66,4,1,0
BRDA:71,5,0,0
BRDA:71,5,1,0
BRDA:71,6,0,0
BRDA:71,6,1,0
BRDA:145,7,0,0
BRDA:145,7,1,0
BRDA:145,7,2,0
BRDA:146,8,0,0
BRDA:146,8,1,0
BRDA:147,9,0,0
BRDA:147,9,1,0
BRDA:150,10,0,0
BRDA:150,10,1,0
BRF:20
BRH:0
end_of_record
TN:
SF:src/components/Cell.tsx
FN:26,Cell
FN:40,(anonymous_1)
FN:46,(anonymous_2)
FNF:3
FNH:0
FNDA:0,Cell
FNDA:0,(anonymous_1)
FNDA:0,(anonymous_2)
DA:6,0
DA:7,0
DA:9,0
DA:26,0
DA:40,0
DA:41,0
DA:42,0
DA:46,0
DA:47,0
DA:48,0
DA:53,0
DA:55,0
LF:12
LH:0
BRDA:32,0,0,0
BRDA:34,1,0,0
BRDA:38,2,0,0
BRDA:41,3,0,0
BRDA:41,3,1,0
BRDA:41,4,0,0
BRDA:41,4,1,0
BRDA:47,5,0,0
BRDA:47,5,1,0
BRDA:47,6,0,0
BRDA:47,6,1,0
BRDA:47,6,2,0
BRDA:61,7,0,0
BRDA:61,7,1,0
BRDA:70,8,0,0
BRDA:70,8,1,0
BRDA:70,8,2,0
BRDA:71,9,0,0
BRDA:71,9,1,0
BRDA:72,10,0,0
BRDA:72,10,1,0
BRDA:74,11,0,0
BRDA:74,11,1,0
BRDA:74,12,0,0
BRDA:74,12,1,0
BRDA:74,13,0,0
BRDA:74,13,1,0
BRDA:77,14,0,0
BRDA:77,14,1,0
BRDA:77,14,2,0
BRDA:77,14,3,0
BRDA:93,15,0,0
BRDA:93,15,1,0
BRDA:99,16,0,0
BRDA:99,16,1,0
BRF:35
BRH:0
end_of_record
TN:
SF:src/components/Disc.tsx
FN:19,Disc
FNF:1
FNH:0
FNDA:0,Disc
DA:6,0
DA:7,0
DA:19,0
DA:27,0
DA:29,0
LF:5
LH:0
BRDA:21,0,0,0
BRDA:22,1,0,0
BRDA:23,2,0,0
BRDA:24,3,0,0
BRDA:34,4,0,0
BRDA:34,4,1,0
BRDA:35,5,0,0
BRDA:35,5,1,0
BRDA:36,6,0,0
BRDA:36,6,1,0
BRDA:37,7,0,0
BRDA:37,7,1,0
BRDA:38,8,0,0
BRDA:38,8,1,0
BRDA:38,8,2,0
BRF:15
BRH:0
end_of_record
TN:
SF:src/components/GameControls.tsx
FN:25,GameControls
FN:49,(anonymous_1)
FNF:2
FNH:0
FNDA:0,GameControls
FNDA:0,(anonymous_1)
DA:6,0
DA:7,0
DA:25,0
DA:38,0
DA:49,0
LF:5
LH:0
BRDA:31,0,0,0
BRDA:42,1,0,0
BRDA:42,1,1,0
BRDA:71,2,0,0
BRDA:71,2,1,0
BRDA:83,3,0,0
BRDA:83,3,1,0
BRDA:87,4,0,0
BRDA:87,4,1,0
BRF:9
BRH:0
end_of_record
TN:
SF:src/components/LeaderboardDialog.tsx
FN:27,LeaderboardDialog
FN:40,(anonymous_1)
FN:45,(anonymous_2)
FN:62,(anonymous_3)
FN:73,(anonymous_4)
FN:137,(anonymous_5)
FN:149,(anonymous_6)
FN:167,StatRow
FNF:8
FNH:0
FNDA:0,LeaderboardDialog
FNDA:0,(anonymous_1)
FNDA:0,(anonymous_2)
FNDA:0,(anonymous_3)
FNDA:0,(anonymous_4)
FNDA:0,(anonymous_5)
FNDA:0,(anonymous_6)
FNDA:0,StatRow
DA:6,0
DA:7,0
DA:15,0
DA:16,0
DA:27,0
DA:34,0
DA:35,0
DA:36,0
DA:38,0
DA:40,0
DA:41,0
DA:42,0
DA:45,0
DA:46,0
DA:47,0
DA:50,0
DA:62,0
DA:73,0
DA:137,0
DA:149,0
DA:176,0
LF:21
LH:0
BRDA:38,0,0,0
BRDA:38,0,1,0
BRDA:58,1,0,0
BRDA:58,1,1,0
BRDA:100,2,0,0
BRDA:100,2,1,0
BRDA:112,3,0,0
BRDA:112,3,1,0
BRDA:121,4,0,0
BRDA:121,4,1,0
BRDA:181,5,0,0
BRDA:181,5,1,0
BRDA:183,6,0,0
BRDA:183,6,1,0
BRDA:188,7,0,0
BRDA:188,7,1,0
BRDA:193,8,0,0
BRDA:193,8,1,0
BRF:18
BRH:0
end_of_record
TN:
SF:src/components/VictoryDialog.tsx
FN:32,selectRandomMessage
FN:39,getVictoryMessage
FN:60,VictoryDialog
FN:79,(anonymous_3)
FN:108,(anonymous_4)
FN:118,(anonymous_5)
FN:128,(anonymous_6)
FNF:7
FNH:0
FNDA:0,selectRandomMessage
FNDA:0,getVictoryMessage
FNDA:0,VictoryDialog
FNDA:0,(anonymous_3)
FNDA:0,(anonymous_4)
FNDA:0,(anonymous_5)
FNDA:0,(anonymous_6)
DA:6,0
DA:7,0
DA:15,0
DA:33,0
DA:44,0
DA:45,0
DA:52,0
DA:53,0
DA:54,0
DA:56,0
DA:60,0
DA:69,0
DA:70,0
DA:71,0
DA:78,0
DA:79,0
DA:80,0
DA:83,0
DA:85,0
DA:88,0
DA:110,0
DA:120,0
DA:130,0
LF:23
LH:0
BRDA:44,0,0,0
BRDA:44,0,1,0
BRDA:53,1,0,0
BRDA:53,1,1,0
BRDA:80,2,0,0
BRDA:80,2,1,0
BRDA:80,3,0,0
BRDA:80,3,1,0
BRDA:93,4,0,0
BRDA:93,4,1,0
BRDA:93,5,0,0
BRDA:93,5,1,0
BRDA:103,6,0,0
BRDA:103,6,1,0
BRDA:113,7,0,0
BRDA:113,7,1,0
BRDA:138,8,0,0
BRDA:138,8,1,0
BRDA:146,9,0,0
BRDA:146,9,1,0
BRDA:170,10,0,0
BRDA:170,10,1,0
BRDA:179,11,0,0
BRDA:179,11,1,0
BRDA:183,12,0,0
BRDA:183,12,1,0
BRF:26
BRH:0
end_of_record
TN:
SF:src/components/ui/button.tsx
FN:40,(anonymous_9)
FNF:1
FNH:0
FNDA:0,(anonymous_9)
DA:1,0
DA:2,0
DA:3,0
DA:5,0
DA:7,0
DA:39,0
DA:41,0
DA:42,0
DA:47,0
DA:49,0
LF:10
LH:0
BRDA:40,0,0,0
BRDA:41,1,0,0
BRDA:41,1,1,0
BRF:3
BRH:0
end_of_record
TN:
SF:src/components/ui/dialog.tsx
FN:18,(anonymous_9)
FN:33,(anonymous_10)
FN:54,(anonymous_11)
FN:59,(anonymous_12)
FN:70,(anonymous_13)
FN:82,(anonymous_14)
FNF:6
FNH:0
FNDA:0,(anonymous_9)
FNDA:0,(anonymous_10)
FNDA:0,(anonymous_11)
FNDA:0,(anonymous_12)
FNDA:0,(anonymous_13)
FNDA:0,(anonymous_14)
DA:1,0
DA:2,0
DA:3,0
DA:5,0
DA:7,0
DA:9,0
DA:11,0
DA:13,0
DA:15,0
DA:19,0
DA:28,0
DA:30,0
DA:34,0
DA:52,0
DA:54,0
DA:55,0
DA:57,0
DA:59,0
DA:60,0
DA:65,0
DA:67,0
DA:71,0
DA:77,0
DA:79,0
DA:83,0
DA:89,0
DA:92,0
DA:93,0
DA:94,0
DA:95,0
DA:96,0
DA:97,0
DA:98,0
DA:99,0
DA:100,0
DA:101,0
LF:36
LH:0
BRF:0
BRH:0
end_of_record
TN:
SF:src/components/ui/input.tsx
FN:8,(anonymous_9)
FNF:1
FNH:0
FNDA:0,(anonymous_9)
DA:1,0
DA:3,0
DA:7,0
DA:9,0
DA:22,0
DA:24,0
LF:6
LH:0
BRF:0
BRH:0
end_of_record
TN:
SF:src/components/ui/select.tsx
FN:16,(anonymous_9)
FN:36,(anonymous_10)
FN:50,(anonymous_11)
FN:64,(anonymous_12)
FN:96,(anonymous_13)
FN:108,(anonymous_14)
FN:131,(anonymous_15)
FNF:7
FNH:0
FNDA:0,(anonymous_9)
FNDA:0,(anonymous_10)
FNDA:0,(anonymous_11)
FNDA:0,(anonymous_12)
FNDA:0,(anonymous_13)
FNDA:0,(anonymous_14)
FNDA:0,(anonymous_15)
DA:1,0
DA:2,0
DA:3,0
DA:5,0
DA:7,0
DA:9,0
DA:11,0
DA:13,0
DA:17,0
DA:31,0
DA:33,0
DA:37,0
DA:45,0
DA:47,0
DA:51,0
DA:59,0
DA:61,0
DA:65,0
DA:91,0
DA:93,0
DA:97,0
DA:103,0
DA:105,0
DA:109,0
DA:126,0
DA:128,0
DA:132,0
DA:138,0
DA:141,0
DA:142,0
DA:143,0
DA:144,0
DA:145,0
DA:146,0
DA:147,0
DA:148,0
DA:149,0
DA:150,0
LF:38
LH:0
BRDA:64,0,0,0
BRDA:70,1,0,0
BRDA:70,1,1,0
BRDA:81,2,0,0
BRDA:81,2,1,0
BRF:5
BRH:0
end_of_record
TN:
SF:src/hooks/useBentleyStats.ts
FN:26,isValidBentleyStats
FN:51,loadStats
FN:85,saveStats
FN:93,useBentleyStats
FN:97,(anonymous_4)
FN:101,(anonymous_5)
FN:102,(anonymous_6)
FN:112,(anonymous_7)
FN:113,(anonymous_8)
FN:122,(anonymous_9)
FN:123,(anonymous_10)
FN:130,(anonymous_11)
FNF:12
FNH:0
FNDA:0,isValidBentleyStats
FNDA:0,loadStats
FNDA:0,saveStats
FNDA:0,useBentleyStats
FNDA:0,(anonymous_4)
FNDA:0,(anonymous_5)
FNDA:0,(anonymous_6)
FNDA:0,(anonymous_7)
FNDA:0,(anonymous_8)
FNDA:0,(anonymous_9)
FNDA:0,(anonymous_10)
FNDA:0,(anonymous_11)
DA:6,0
DA:7,0
DA:8,0
DA:20,0
DA:27,0
DA:28,0
DA:31,0
DA:33,0
DA:52,0
DA:53,0
DA:54,0
DA:55,0
DA:58,0
DA:59,0
DA:62,0
DA:67,0
DA:68,0
DA:74,0
DA:86,0
DA:87,0
DA:93,0
DA:94,0
DA:97,0
DA:98,0
DA:101,0
DA:102,0
DA:112,0
DA:113,0
DA:122,0
DA:123,0
DA:130,0
DA:131,0
DA:140,0
DA:143,0
LF:34
LH:0
BRDA:27,0,0,0
BRDA:27,0,1,0
BRDA:27,1,0,0
BRDA:27,1,1,0
BRDA:34,2,0,0
BRDA:34,2,1,0
BRDA:34,2,2,0
BRDA:34,2,3,0
BRDA:34,2,4,0
BRDA:34,2,5,0
BRDA:34,2,6,0
BRDA:34,2,7,0
BRDA:34,2,8,0
BRDA:34,2,9,0
BRDA:34,2,10,0
BRDA:34,2,11,0
BRDA:34,2,12,0
BRDA:34,2,13,0
BRDA:54,3,0,0
BRDA:54,3,1,0
BRDA:58,4,0,0
BRDA:58,4,1,0
BRDA:107,5,0,0
BRDA:107,5,1,0
BRDA:108,6,0,0
BRDA:108,6,1,0
BRDA:118,7,0,0
BRDA:118,7,1,0
BRF:28
BRH:0
end_of_record
TN:
SF:src/hooks/useCharacterSelection.ts
FN:18,useCharacterSelection
FN:19,(anonymous_1)
FN:23,(anonymous_2)
FNF:3
FNH:0
FNDA:0,useCharacterSelection
FNDA:0,(anonymous_1)
FNDA:0,(anonymous_2)
DA:6,0
DA:7,0
DA:12,0
DA:18,0
DA:19,0
DA:20,0
DA:23,0
DA:24,0
DA:25,0
DA:28,0
LF:10
LH:0
BRDA:18,0,0,0
BRF:1
BRH:0
end_of_record
TN:
SF:src/hooks/useGameAudio.ts
FN:16,useGameAudio
FN:17,(anonymous_1)
FN:24,(anonymous_2)
FN:36,(anonymous_3)
FN:44,(anonymous_4)
FN:45,(anonymous_5)
FN:53,(anonymous_6)
FN:82,(anonymous_7)
FN:107,(anonymous_8)
FN:115,(anonymous_9)
FN:136,(anonymous_10)
FN:163,(anonymous_11)
FN:170,(anonymous_12)
FNF:13
FNH:0
FNDA:0,useGameAudio
FNDA:0,(anonymous_1)
FNDA:0,(anonymous_2)
FNDA:0,(anonymous_3)
FNDA:0,(anonymous_4)
FNDA:0,(anonymous_5)
FNDA:0,(anonymous_6)
FNDA:0,(anonymous_7)
FNDA:0,(anonymous_8)
FNDA:0,(anonymous_9)
FNDA:0,(anonymous_10)
FNDA:0,(anonymous_11)
FNDA:0,(anonymous_12)
DA:7,0
DA:8,0
DA:16,0
DA:17,0
DA:18,0
DA:21,0
DA:24,0
DA:25,0
DA:26,0
DA:27,0
DA:28,0
DA:29,0
DA:36,0
DA:37,0
DA:38,0
DA:44,0
DA:45,0
DA:46,0
DA:47,0
DA:48,0
DA:53,0
DA:54,0
DA:56,0
DA:57,0
DA:60,0
DA:61,0
DA:63,0
DA:64,0
DA:67,0
DA:68,0
DA:69,0
DA:72,0
DA:73,0
DA:74,0
DA:76,0
DA:77,0
DA:78,0
DA:82,0
DA:83,0
DA:85,0
DA:86,0
DA:88,0
DA:89,0
DA:91,0
DA:92,0
DA:94,0
DA:95,0
DA:97,0
DA:98,0
DA:99,0
DA:101,0
DA:102,0
DA:103,0
DA:107,0
DA:108,0
DA:110,0
DA:111,0
DA:114,0
DA:115,0
DA:116,0
DA:117,0
DA:119,0
DA:120,0
DA:122,0
DA:123,0
DA:125,0
DA:126,0
DA:127,0
DA:129,0
DA:130,0
DA:131,0
DA:136,0
DA:137,0
DA:139,0
DA:140,0
DA:142,0
DA:143,0
DA:145,0
DA:146,0
DA:149,0
DA:150,0
DA:153,0
DA:154,0
DA:155,0
DA:157,0
DA:158,0
DA:159,0
DA:163,0
DA:164,0
DA:166,0
DA:167,0
DA:170,0
DA:171,0
DA:172,0
DA:174,0
DA:175,0
DA:177,0
DA:179,0
DA:180,0
DA:181,0
DA:183,0
DA:184,0
DA:185,0
DA:189,0
LF:104
LH:0
BRDA:25,0,0,0
BRDA:25,0,1,0
BRDA:25,1,0,0
BRDA:25,1,1,0
BRDA:27,2,0,0
BRDA:27,2,1,0
BRDA:28,3,0,0
BRDA:28,3,1,0
BRDA:37,4,0,0
BRDA:37,4,1,0
BRDA:54,5,0,0
BRDA:54,5,1,0
BRDA:54,6,0,0
BRDA:54,6,1,0
BRDA:83,7,0,0
BRDA:83,7,1,0
BRDA:83,8,0,0
BRDA:83,8,1,0
BRDA:108,9,0,0
BRDA:108,9,1,0
BRDA:108,10,0,0
BRDA:108,10,1,0
BRDA:137,11,0,0
BRDA:137,11,1,0
BRDA:137,12,0,0
BRDA:137,12,1,0
BRDA:164,13,0,0
BRDA:164,13,1,0
BRDA:164,14,0,0
BRDA:164,14,1,0
BRF:30
BRH:0
end_of_record
TN:
SF:src/hooks/useLeaderboard.ts
FN:17,isValidLeaderboard
FN:47,getInitialLeaderboard
FN:84,useLeaderboard
FN:87,(anonymous_3)
FN:95,(anonymous_4)
FN:96,(anonymous_5)
FN:115,(anonymous_6)
FN:116,(anonymous_7)
FN:125,(anonymous_8)
FN:126,(anonymous_9)
FN:135,(anonymous_10)
FN:136,(anonymous_11)
FN:142,(anonymous_12)
FNF:13
FNH:0
FNDA:0,isValidLeaderboard
FNDA:0,getInitialLeaderboard
FNDA:0,useLeaderboard
FNDA:0,(anonymous_3)
FNDA:0,(anonymous_4)
FNDA:0,(anonymous_5)
FNDA:0,(anonymous_6)
FNDA:0,(anonymous_7)
FNDA:0,(anonymous_8)
FNDA:0,(anonymous_9)
FNDA:0,(anonymous_10)
FNDA:0,(anonymous_11)
FNDA:0,(anonymous_12)
DA:6,0
DA:8,0
DA:10,0
DA:11,0
DA:18,0
DA:19,0
DA:22,0
DA:24,0
DA:48,0
DA:49,0
DA:50,0
DA:51,0
DA:54,0
DA:55,0
DA:58,0
DA:63,0
DA:64,0
DA:70,0
DA:84,0
DA:85,0
DA:87,0
DA:88,0
DA:89,0
DA:95,0
DA:96,0
DA:97,0
DA:98,0
DA:99,0
DA:100,0
DA:102,0
DA:115,0
DA:116,0
DA:125,0
DA:126,0
DA:135,0
DA:136,0
DA:142,0
DA:143,0
DA:157,0
LF:39
LH:0
BRDA:18,0,0,0
BRDA:18,0,1,0
BRDA:18,1,0,0
BRDA:18,1,1,0
BRDA:25,2,0,0
BRDA:25,2,1,0
BRDA:25,2,2,0
BRDA:25,2,3,0
BRDA:25,2,4,0
BRDA:25,2,5,0
BRDA:25,2,6,0
BRDA:25,2,7,0
BRDA:25,2,8,0
BRDA:25,2,9,0
BRDA:25,2,10,0
BRDA:25,2,11,0
BRDA:25,2,12,0
BRDA:25,2,13,0
BRDA:25,2,14,0
BRDA:25,2,15,0
BRDA:25,2,16,0
BRDA:25,2,17,0
BRDA:25,2,18,0
BRDA:50,3,0,0
BRDA:50,3,1,0
BRDA:54,4,0,0
BRDA:54,4,1,0
BRDA:100,5,0,0
BRDA:100,5,1,0
BRDA:138,6,0,0
BRDA:138,6,1,0
BRF:31
BRH:0
end_of_record
TN:
SF:src/hooks/useMainSiteBentleyStats.ts
FN:19,useMainSiteBentleyStats
FN:25,(anonymous_1)
FN:80,(anonymous_2)
FN:84,(anonymous_3)
FN:94,(anonymous_4)
FN:106,(anonymous_5)
FNF:6
FNH:0
FNDA:0,useMainSiteBentleyStats
FNDA:0,(anonymous_1)
FNDA:0,(anonymous_2)
FNDA:0,(anonymous_3)
FNDA:0,(anonymous_4)
FNDA:0,(anonymous_5)
DA:7,0
DA:8,0
DA:19,0
DA:20,0
DA:21,0
DA:22,0
DA:23,0
DA:25,0
DA:27,0
DA:28,0
DA:32,0
DA:34,0
DA:35,0
DA:36,0
DA:40,0
DA:41,0
DA:44,0
DA:46,0
DA:47,0
DA:56,0
DA:60,0
DA:61,0
DA:64,0
DA:67,0
DA:76,0
DA:80,0
DA:81,0
DA:84,0
DA:85,0
DA:86,0
DA:94,0
DA:95,0
DA:96,0
DA:97,0
DA:106,0
DA:107,0
DA:108,0
DA:109,0
DA:115,0
LF:39
LH:0
BRDA:27,0,0,0
BRDA:27,0,1,0
BRDA:40,1,0,0
BRDA:40,1,1,0
BRDA:46,2,0,0
BRDA:46,2,1,0
BRDA:60,3,0,0
BRDA:60,3,1,0
BRDA:60,4,0,0
BRDA:60,4,1,0
BRDA:64,5,0,0
BRDA:64,5,1,0
BRDA:85,6,0,0
BRDA:85,6,1,0
BRF:14
BRH:0
end_of_record
TN:
SF:src/hooks/useOthelloGame.ts
FN:13,useOthelloGame
FN:14,(anonymous_1)
FN:25,(anonymous_2)
FN:26,(anonymous_3)
FN:37,(anonymous_4)
FN:47,(anonymous_5)
FN:54,(anonymous_6)
FN:60,(anonymous_7)
FN:61,(anonymous_8)
FN:83,(anonymous_9)
FN:103,(anonymous_10)
FN:114,(anonymous_11)
FN:119,(anonymous_12)
FN:120,(anonymous_13)
FN:145,(anonymous_14)
FN:169,(anonymous_15)
FNF:16
FNH:0
FNDA:0,useOthelloGame
FNDA:0,(anonymous_1)
FNDA:0,(anonymous_2)
FNDA:0,(anonymous_3)
FNDA:0,(anonymous_4)
FNDA:0,(anonymous_5)
FNDA:0,(anonymous_6)
FNDA:0,(anonymous_7)
FNDA:0,(anonymous_8)
FNDA:0,(anonymous_9)
FNDA:0,(anonymous_10)
FNDA:0,(anonymous_11)
FNDA:0,(anonymous_12)
FNDA:0,(anonymous_13)
FNDA:0,(anonymous_14)
FNDA:0,(anonymous_15)
DA:6,0
DA:8,0
DA:9,0
DA:10,0
DA:11,0
DA:13,0
DA:14,0
DA:15,0
DA:17,0
DA:18,0
DA:20,0
DA:21,0
DA:22,0
DA:25,0
DA:26,0
DA:27,0
DA:28,0
DA:30,0
DA:31,0
DA:37,0
DA:38,0
DA:45,0
DA:47,0
DA:48,0
DA:49,0
DA:51,0
DA:53,0
DA:54,0
DA:57,0
DA:58,0
DA:60,0
DA:61,0
DA:62,0
DA:63,0
DA:66,0
DA:69,0
DA:70,0
DA:71,0
DA:76,0
DA:78,0
DA:83,0
DA:84,0
DA:85,0
DA:86,0
DA:102,0
DA:104,0
DA:105,0
DA:108,0
DA:109,0
DA:112,0
DA:114,0
DA:116,0
DA:117,0
DA:119,0
DA:120,0
DA:121,0
DA:122,0
DA:125,0
DA:128,0
DA:129,0
DA:130,0
DA:134,0
DA:135,0
DA:144,0
DA:147,0
DA:148,0
DA:149,0
DA:151,0
DA:152,0
DA:153,0
DA:155,0
DA:156,0
DA:157,0
DA:159,0
DA:160,0
DA:168,0
DA:170,0
DA:175,0
LF:78
LH:0
BRDA:13,0,0,0
BRDA:27,1,0,0
BRDA:27,1,1,0
BRDA:30,2,0,0
BRDA:30,2,1,0
BRDA:38,3,0,0
BRDA:38,3,1,0
BRDA:39,4,0,0
BRDA:39,4,1,0
BRDA:39,4,2,0
BRDA:39,4,3,0
BRDA:39,4,4,0
BRDA:51,5,0,0
BRDA:51,5,1,0
BRDA:54,6,0,0
BRDA:54,6,1,0
BRDA:58,7,0,0
BRDA:58,7,1,0
BRDA:84,8,0,0
BRDA:84,8,1,0
BRDA:104,9,0,0
BRDA:104,9,1,0
BRDA:104,10,0,0
BRDA:104,10,1,0
BRDA:104,10,2,0
BRDA:108,11,0,0
BRDA:108,11,1,0
BRDA:114,12,0,0
BRDA:114,12,1,0
BRDA:117,13,0,0
BRDA:117,13,1,0
BRDA:145,14,0,0
BRDA:147,15,0,0
BRDA:147,15,1,0
BRDA:151,16,0,0
BRDA:151,16,1,0
BRDA:159,17,0,0
BRDA:159,17,1,0
BRF:38
BRH:0
end_of_record
TN:
SF:src/lib/aiStrategies.ts
FN:28,getAIMove
FN:55,getRandomMove
FN:70,getGreedyMove
FN:77,(anonymous_3)
FN:83,(anonymous_4)
FN:87,(anonymous_5)
FN:88,(anonymous_6)
FN:89,(anonymous_7)
FN:97,(anonymous_8)
FN:99,(anonymous_9)
FN:104,(anonymous_10)
FN:109,(anonymous_11)
FN:117,getMinimaxMove
FN:145,minimax
FN:211,evaluateBoard
FN:276,orderMovesByPreference
FN:277,(anonymous_16)
FN:281,(anonymous_17)
FN:291,(anonymous_18)
FN:301,(anonymous_19)
FNF:20
FNH:19
FNDA:293,getAIMove
FNDA:155,getRandomMove
FNDA:114,getGreedyMove
FNDA:1735,(anonymous_3)
FNDA:440,(anonymous_4)
FNDA:432,(anonymous_5)
FNDA:1722,(anonymous_6)
FNDA:1,(anonymous_7)
FNDA:431,(anonymous_8)
FNDA:4,(anonymous_9)
FNDA:0,(anonymous_10)
FNDA:320,(anonymous_11)
FNDA:23,getMinimaxMove
FNDA:33073,minimax
FNDA:22138,evaluateBoard
FNDA:10943,orderMovesByPreference
FNDA:226470,(anonymous_16)
FNDA:904942,(anonymous_17)
FNDA:863073,(anonymous_18)
FNDA:113235,(anonymous_19)
DA:7,1
DA:15,1
DA:16,1
DA:28,1
DA:33,293
DA:35,293
DA:36,1
DA:39,292
DA:41,155
DA:43,114
DA:45,23
DA:47,0
DA:56,155
DA:57,155
DA:76,114
DA:77,1735
DA:78,447
DA:83,110
DA:84,440
DA:87,110
DA:88,1722
DA:89,432
DA:90,432
DA:93,110
DA:96,110
DA:98,431
DA:99,4
DA:102,110
DA:104,1
DA:105,1
DA:109,320
DA:110,109
DA:122,23
DA:123,23
DA:124,23
DA:127,23
DA:129,23
DA:130,78
DA:131,78
DA:133,78
DA:134,25
DA:135,25
DA:139,23
DA:153,33073
DA:156,33073
DA:157,7
DA:158,7
DA:159,3
DA:160,2
DA:164,33066
DA:165,22138
DA:168,10928
DA:169,10928
DA:172,10928
DA:173,8
DA:176,10920
DA:178,10920
DA:179,2420
DA:181,2420
DA:182,8430
DA:183,8430
DA:184,8430
DA:185,8430
DA:187,8430
DA:190,2420
DA:192,8500
DA:194,8500
DA:195,24557
DA:196,24557
DA:197,24557
DA:198,24557
DA:200,24557
DA:203,8500
DA:212,22138
DA:213,22138
DA:216,22138
DA:217,88552
DA:218,88462
DA:222,22138
DA:223,88552
DA:224,88552
DA:225,88552
DA:227,88292
DA:228,87981
DA:233,22138
DA:234,177104
DA:235,177104
DA:236,177104
DA:237,176584
DA:238,176445
DA:243,22138
DA:245,88552
DA:246,88110
DA:247,88552
DA:248,88460
DA:251,88552
DA:252,88385
DA:253,88552
DA:254,88502
DA:258,22138
DA:259,22138
DA:260,22138
DA:263,22138
DA:264,22138
DA:265,22138
DA:266,22138
DA:268,22138
DA:277,10943
DA:278,226470
DA:281,904942
DA:282,402
DA:286,226068
DA:287,7597
DA:291,863073
DA:292,218471
DA:293,6655
DA:297,211816
DA:298,211816
DA:301,113235
LF:119
LH:118
BRDA:35,0,0,1
BRDA:35,0,1,292
BRDA:39,1,0,155
BRDA:39,1,1,114
BRDA:39,1,2,23
BRDA:39,1,3,0
BRDA:77,2,0,1735
BRDA:77,2,1,7
BRDA:78,3,0,4
BRDA:78,3,1,443
BRDA:88,4,0,1722
BRDA:88,4,1,2
BRDA:89,5,0,1
BRDA:89,5,1,1
BRDA:90,6,0,432
BRDA:90,6,1,2
BRDA:93,7,0,110
BRDA:93,7,1,0
BRDA:98,8,0,431
BRDA:98,8,1,430
BRDA:98,8,2,430
BRDA:98,8,3,430
BRDA:98,8,4,1
BRDA:99,9,0,4
BRDA:99,9,1,2
BRDA:102,10,0,1
BRDA:102,10,1,109
BRDA:133,11,0,25
BRDA:133,11,1,53
BRDA:139,12,0,23
BRDA:139,12,1,0
BRDA:156,13,0,7
BRDA:156,13,1,33066
BRDA:158,14,0,4
BRDA:158,14,1,3
BRDA:159,15,0,1
BRDA:159,15,1,2
BRDA:164,16,0,22138
BRDA:164,16,1,10928
BRDA:168,17,0,2422
BRDA:168,17,1,8506
BRDA:172,18,0,8
BRDA:172,18,1,10920
BRDA:178,19,0,2420
BRDA:178,19,1,8500
BRDA:187,20,0,1486
BRDA:187,20,1,6944
BRDA:200,21,0,5428
BRDA:200,21,1,19129
BRDA:217,22,0,90
BRDA:217,22,1,88462
BRDA:218,23,0,170
BRDA:218,23,1,88292
BRDA:225,24,0,88292
BRDA:225,24,1,260
BRDA:227,25,0,311
BRDA:227,25,1,87981
BRDA:228,26,0,467
BRDA:228,26,1,87514
BRDA:236,27,0,176584
BRDA:236,27,1,520
BRDA:237,28,0,139
BRDA:237,28,1,176445
BRDA:238,29,0,697
BRDA:238,29,1,175748
BRDA:245,30,0,442
BRDA:245,30,1,88110
BRDA:246,31,0,976
BRDA:246,31,1,87134
BRDA:247,32,0,92
BRDA:247,32,1,88460
BRDA:248,33,0,284
BRDA:248,33,1,88176
BRDA:251,34,0,167
BRDA:251,34,1,88385
BRDA:252,35,0,576
BRDA:252,35,1,87809
BRDA:253,36,0,50
BRDA:253,36,1,88502
BRDA:254,37,0,298
BRDA:254,37,1,88204
BRDA:264,38,0,20952
BRDA:264,38,1,1186
BRDA:265,39,0,20952
BRDA:265,39,1,1186
BRDA:281,40,0,402
BRDA:281,40,1,226068
BRDA:281,41,0,904942
BRDA:281,41,1,8940
BRDA:286,42,0,7597
BRDA:286,42,1,218471
BRDA:286,43,0,226068
BRDA:286,43,1,222921
BRDA:286,43,2,221843
BRDA:286,43,3,219844
BRDA:291,44,0,863073
BRDA:291,44,1,95623
BRDA:292,45,0,6655
BRDA:292,45,1,211816
BRDA:292,46,0,218471
BRDA:292,46,1,6655
BRF:101
BRH:98
end_of_record
TN:
SF:src/lib/boardPositions.ts
FNF:0
FNH:0
DA:6,1
DA:11,1
DA:21,1
DA:32,1
DA:42,1
DA:53,1
LF:6
LH:6
BRF:0
BRH:0
end_of_record
TN:
SF:src/lib/gameStateHelper.ts
FN:12,createInitialGameState
FNF:1
FNH:0
FNDA:0,createInitialGameState
DA:7,0
DA:12,0
DA:16,0
DA:17,0
DA:19,0
LF:5
LH:0
BRDA:13,0,0,0
BRDA:14,1,0,0
BRF:2
BRH:0
end_of_record
TN:
SF:src/lib/othelloRules.ts
FN:18,createEmptyBoard
FN:21,(anonymous_1)
FN:31,createInitialBoard
FN:47,isValidPosition
FN:54,getOpponent
FN:62,checkDirection
FN:94,getFlippedDiscs
FN:117,isValidMove
FN:129,getValidMoves
FN:152,executeMove
FN:166,(anonymous_10)
FN:182,countDiscs
FN:199,isBoardFull
FN:214,isGameOver
FN:228,getWinner
FN:239,makeMove
FN:297,simulateMove
FNF:17
FNH:17
FNDA:90,createEmptyBoard
FNDA:720,(anonymous_1)
FNDA:56,createInitialBoard
FNDA:117172086,isValidPosition
FNDA:52901532,getOpponent
FNDA:52846312,checkDirection
FNDA:7821995,getFlippedDiscs
FNDA:27,isValidMove
FNDA:121701,getValidMoves
FNDA:33093,executeMove
FNDA:264720,(anonymous_10)
FNDA:22163,countDiscs
FNDA:33087,isBoardFull
FNDA:33084,isGameOver
FNDA:14,getWinner
FNDA:7,makeMove
FNDA:33067,simulateMove
DA:13,2
DA:18,2
DA:19,90
DA:21,720
DA:31,2
DA:32,56
DA:33,56
DA:36,56
DA:37,56
DA:38,56
DA:39,56
DA:41,56
DA:47,2
DA:48,117172086
DA:54,2
DA:55,52901532
DA:69,52846312
DA:70,52846312
DA:71,52846312
DA:73,52846312
DA:74,52846312
DA:77,52846312
DA:78,3657455
DA:79,3657455
DA:80,3657455
DA:84,52846312
DA:85,982752
DA:88,51863560
DA:94,2
DA:100,7821995
DA:101,1216206
DA:104,6605789
DA:106,6605789
DA:107,52846312
DA:108,52846312
DA:111,6605789
DA:117,2
DA:123,27
DA:129,2
DA:130,121701
DA:132,121701
DA:133,973608
DA:134,7788864
DA:135,7788864
DA:136,837351
DA:146,121701
DA:152,2
DA:158,33093
DA:160,33093
DA:162,3
DA:166,264720
DA:169,33090
DA:172,33090
DA:173,48371
DA:176,33090
DA:182,2
DA:183,22163
DA:184,22163
DA:186,22163
DA:187,177304
DA:188,1418432
DA:189,1315964
DA:193,22163
DA:199,2
DA:200,33087
DA:201,33115
DA:202,33736
DA:205,4
DA:214,2
DA:215,33084
DA:218,33081
DA:219,33081
DA:221,33081
DA:228,2
DA:229,14
DA:231,14
DA:232,7
DA:233,5
DA:239,2
DA:244,7
DA:247,7
DA:250,7
DA:253,7
DA:259,7
DA:260,7
DA:261,7
DA:267,7
DA:268,7
DA:269,6
DA:270,1
DA:272,1
DA:276,7
DA:277,7
DA:279,7
DA:297,2
DA:303,33067
LF:96
LH:96
BRDA:48,0,0,117172086
BRDA:48,0,1,111361504
BRDA:48,0,2,105523908
BRDA:48,0,3,100182711
BRDA:55,1,0,25310316
BRDA:55,1,1,27591216
BRDA:77,2,0,56503767
BRDA:77,2,1,45333805
BRDA:84,3,0,982752
BRDA:84,3,1,51863560
BRDA:84,4,0,52846312
BRDA:84,4,1,41676350
BRDA:84,4,2,3374019
BRDA:100,5,0,1216206
BRDA:100,5,1,6605789
BRDA:100,6,0,7821995
BRDA:100,6,1,7821994
BRDA:135,7,0,837351
BRDA:135,7,1,6951513
BRDA:160,8,0,3
BRDA:160,8,1,33090
BRDA:188,9,0,102468
BRDA:188,9,1,1315964
BRDA:189,10,0,128691
BRDA:189,10,1,1187273
BRDA:202,11,0,33083
BRDA:202,11,1,653
BRDA:215,12,0,3
BRDA:215,12,1,33081
BRDA:221,13,0,33081
BRDA:221,13,1,14
BRDA:231,14,0,7
BRDA:231,14,1,7
BRDA:232,15,0,2
BRDA:232,15,1,5
BRDA:268,16,0,6
BRDA:268,16,1,1
BRDA:270,17,0,1
BRDA:270,17,1,0
BRDA:277,18,0,1
BRDA:277,18,1,6
BRDA:283,19,0,1
BRDA:283,19,1,6
BRDA:283,20,0,0
BRDA:283,20,1,1
BRF:45
BRH:43
end_of_record
TN:
SF:src/lib/storageKeys.ts
FNF:0
FNH:0
DA:6,0
LF:1
LH:0
BRF:0
BRH:0
end_of_record
TN:
SF:src/lib/utils.ts
FN:4,cn
FNF:1
FNH:0
FNDA:0,cn
DA:1,0
DA:2,0
DA:4,0
DA:5,0
LF:4
LH:0
BRF:0
BRH:0
end_of_record
TN:
SF:src/pages/OthelloGame.tsx
FN:19,OthelloGame
FN:41,(anonymous_1)
FN:47,(anonymous_2)
FN:56,(anonymous_3)
FN:131,(anonymous_4)
FN:139,(anonymous_5)
FN:146,(anonymous_6)
FN:147,(anonymous_7)
FN:165,(anonymous_8)
FN:224,(anonymous_9)
FN:229,(anonymous_10)
FN:282,(anonymous_11)
FN:289,(anonymous_12)
FNF:13
FNH:0
FNDA:0,OthelloGame
FNDA:0,(anonymous_1)
FNDA:0,(anonymous_2)
FNDA:0,(anonymous_3)
FNDA:0,(anonymous_4)
FNDA:0,(anonymous_5)
FNDA:0,(anonymous_6)
FNDA:0,(anonymous_7)
FNDA:0,(anonymous_8)
FNDA:0,(anonymous_9)
FNDA:0,(anonymous_10)
FNDA:0,(anonymous_11)
FNDA:0,(anonymous_12)
DA:6,0
DA:7,0
DA:8,0
DA:9,0
DA:10,0
DA:11,0
DA:12,0
DA:13,0
DA:14,0
DA:15,0
DA:16,0
DA:17,0
DA:19,0
DA:27,0
DA:29,0
DA:30,0
DA:31,0
DA:32,0
DA:34,0
DA:36,0
DA:37,0
DA:40,0
DA:41,0
DA:42,0
DA:43,0
DA:46,0
DA:47,0
DA:50,0
DA:54,0
DA:56,0
DA:58,0
DA:60,0
DA:63,0
DA:67,0
DA:70,0
DA:71,0
DA:73,0
DA:74,0
DA:77,0
DA:78,0
DA:79,0
DA:81,0
DA:83,0
DA:84,0
DA:87,0
DA:88,0
DA:89,0
DA:92,0
DA:93,0
DA:94,0
DA:97,0
DA:98,0
DA:106,0
DA:109,0
DA:131,0
DA:132,0
DA:133,0
DA:137,0
DA:139,0
DA:140,0
DA:141,0
DA:146,0
DA:147,0
DA:149,0
DA:151,0
DA:153,0
DA:154,0
DA:156,0
DA:157,0
DA:159,0
DA:160,0
DA:164,0
DA:165,0
DA:168,0
DA:225,0
DA:226,0
DA:229,0
DA:282,0
DA:289,0
LF:79
LH:0
BRDA:42,0,0,0
BRDA:42,0,1,0
BRDA:46,1,0,0
BRDA:46,1,1,0
BRDA:58,2,0,0
BRDA:58,2,1,0
BRDA:58,3,0,0
BRDA:58,3,1,0
BRDA:67,4,0,0
BRDA:67,4,1,0
BRDA:67,4,2,0
BRDA:67,4,3,0
BRDA:70,5,0,0
BRDA:70,5,1,0
BRDA:71,6,0,0
BRDA:71,6,1,0
BRDA:77,7,0,0
BRDA:77,7,1,0
BRDA:81,8,0,0
BRDA:81,8,1,0
BRDA:87,9,0,0
BRDA:87,9,1,0
BRDA:92,10,0,0
BRDA:92,10,1,0
BRDA:97,11,0,0
BRDA:97,11,1,0
BRDA:140,12,0,0
BRDA:140,12,1,0
BRDA:140,13,0,0
BRDA:140,13,1,0
BRDA:140,13,2,0
BRDA:149,14,0,0
BRDA:149,14,1,0
BRDA:151,15,0,0
BRDA:151,15,1,0
BRDA:151,15,2,0
BRDA:201,16,0,0
BRDA:201,16,1,0
BRDA:201,17,0,0
BRDA:201,17,1,0
BRDA:216,18,0,0
BRDA:216,18,1,0
BRDA:243,19,0,0
BRDA:243,19,1,0
BRDA:245,20,0,0
BRDA:245,20,1,0
BRDA:258,21,0,0
BRDA:258,21,1,0
BRDA:258,21,2,0
BRDA:258,21,3,0
BRDA:262,22,0,0
BRDA:262,22,1,0
BRDA:262,22,2,0
BRDA:265,23,0,0
BRDA:265,23,1,0
BRDA:265,23,2,0
BRDA:268,24,0,0
BRDA:268,24,1,0
BRDA:268,24,2,0
BRDA:271,25,0,0
BRDA:271,25,1,0
BRF:61
BRH:0
end_of_record
TN:
SF:src/types/othello.types.ts
FNF:0
FNH:0
DA:10,2
DA:13,2
DA:14,2
DA:17,2
DA:45,2
DA:146,2
LF:6
LH:6
BRDA:14,0,0,2
BRDA:14,0,1,0
BRF:2
BRH:1
end_of_record
